MODEL	VAR_ID	POST_BETA	POST_SE	MAINEFFS
1	0	0	0	-1
1	1	0.0259504	0.0216081	0
1	2	0.0263644	0.0216064	1
1	3	0.0737794	0.0216271	2
1	4	0.0792974	0.0216061	3
1	6	0.0414478	0.0216055	5
1	7	0.0892327	0.0216139	14
2	0	0	0	-1
2	1	0.0394958	0.0199206	0
2	2	0.0112377	0.0199193	1
2	3	0.0559997	0.0199356	2
2	4	0.0414942	0.0199191	3
2	6	0.0563872	0.0199186	5
2	7	0.0847656	0.0199252	14
3	0	0	0	-1
3	1	0.00532122	0.0216292	0
3	2	-0.00228516	0.0216275	1
3	3	0.0714997	0.0216483	2
3	4	0.0233833	0.0216272	3
3	6	-0.0178814	0.0216266	5
3	7	0.0876526	0.021635	14
4	0	0	0	-1
4	1	0.00425764	0.0204785	0
4	2	0.00442687	0.020477	1
4	3	0.0863396	0.0204947	2
4	4	0.0449284	0.0204768	3
4	6	0.021678	0.0204763	5
4	7	0.0493204	0.0204834	14
5	0	0	0	-1
5	1	0.0333085	0.0213571	0
5	2	-0.00729662	0.0213555	1
5	3	0.0751554	0.0213723	2
5	6	-0.0136061	0.021354	5
5	11	0.0611205	0.0213587	10
5	7	0.080832	0.0213633	14
6	0	0	0	-1
6	2	-0.0157984	0.0193059	1
6	3	0.0253479	0.019318	2
6	6	-0.0042234	0.0193043	5
6	11	0.0722431	0.0193071	10
6	7	0.0920267	0.0193096	14
7	0	0	0	-1
7	2	-0.00738468	0.0196001	1
7	3	0.0419506	0.0196128	2
7	6	0.015762	0.0195984	5
7	11	0.0135758	0.0196014	10
7	7	0.0306756	0.019604	14
8	0	0	0	-1
8	3	0.0349667	0.0193135	2
8	6	0.0315963	0.0192991	5
8	11	0.0226266	0.0193012	10
8	13	0.0342549	0.019299	13
8	7	0.0133392	0.0193029	14
9	0	0	0	-1
9	3	0.0431486	0.020605	2
9	6	0.00488816	0.0205875	5
9	11	-0.0114039	0.0205901	10
9	13	0.00188147	0.0205874	13
9	7	0.0636131	0.0205921	14
10	0	0	0	-1
10	3	0.0551335	0.0198629	2
10	6	-0.00785659	0.0198509	5
10	14	-0.0302644	0.019858	6
10	11	-0.00254073	0.0198515	10
10	7	0.0318934	0.0198535	14
11	0	0	0	-1
11	3	0.0347059	0.021508	2
11	6	0.0395816	0.0214927	5
11	14	-0.0658812	0.0215018	6
11	11	0.053703	0.0214935	10
11	7	0.0533639	0.0214961	14
12	0	0	0	-1
12	3	0.00777775	0.0198381	2
12	6	0.0392174	0.0198261	5
12	14	-0.00502532	0.0198333	6
12	11	0.0272666	0.0198267	10
12	7	0.0216519	0.0198288	14
13	0	0	0	-1
13	3	0.0746477	0.021659	2
13	6	0.016681	0.0216434	5
13	14	-0.0353785	0.0216527	6
13	11	0.030556	0.0216442	10
13	7	0.00863037	0.0216469	14
14	0	0	0	-1
14	3	0.024805	0.0207926	2
14	6	-0.00215629	0.0207788	5
14	14	-0.0210172	0.020787	6
14	11	-0.0111962	0.0207795	10
14	7	0.0616242	0.0207819	14
15	0	0	0	-1
15	3	0.0532075	0.0211211	2
15	6	0.0396554	0.0211066	5
15	14	-0.0512723	0.0211152	6
15	11	0.0132127	0.0211074	10
15	7	0.071062	0.0211099	14
16	0	0	0	-1
16	3	0.0890906	0.0214398	2
16	6	0.00592838	0.0214247	5
16	14	-0.0597685	0.0214337	6
16	11	0.0350286	0.0214255	10
16	7	0.0438309	0.0214281	14
17	0	0	0	-1
17	3	0.0781137	0.0217626	2
17	6	0.00867171	0.0217468	5
17	14	-0.0781311	0.0217562	6
17	11	0.0645669	0.0217475	10
17	7	0.0484343	0.0217503	14
18	0	0	0	-1
18	3	0.0679907	0.0216543	2
18	6	0.0112569	0.0216387	5
18	14	-0.0554645	0.021648	6
18	11	0.00453057	0.0216395	10
18	7	0.0116907	0.0216422	14
19	0	0	0	-1
19	3	0.0554192	0.0206219	2
19	6	-0.0441518	0.0206085	5
19	14	-0.041785	0.0206165	6
19	11	0.0251088	0.0206092	10
19	7	0.0555678	0.0206115	14
20	0	0	0	-1
20	3	0.0890026	0.0209521	2
20	6	0.0181495	0.020938	5
20	14	0.00733379	0.0209464	6
20	11	0.0270732	0.0209388	10
20	7	0.0664406	0.0209412	14
21	0	0	0	-1
21	3	0.0390989	0.0214791	2
21	6	-0.00326125	0.0214639	5
21	14	-0.0710979	0.0214729	6
21	11	-0.000958173	0.0214646	10
21	7	0.00590508	0.0214673	14
22	0	0	0	-1
22	3	0.0442009	0.021645	2
22	6	-0.00817303	0.0216295	5
22	14	-0.0358081	0.0216387	6
22	11	0.0408123	0.0216302	10
22	7	0.00321817	0.0216329	14
23	0	0	0	-1
23	3	0.0836938	0.0188208	2
23	6	0.0125451	0.0188128	5
23	14	-0.0543336	0.0188156	6
23	16	-0.0416039	0.0188134	8
23	7	0.0451108	0.018811	14
24	0	0	0	-1
24	3	0.102537	0.0219128	2
24	14	-0.0621856	0.0219027	6
24	16	-0.0418366	0.0218963	8
24	17	-0.058958	0.021911	9
24	7	0.0290332	0.0218959	14
25	0	0	0	-1
25	3	0.0769532	0.0217128	2
25	14	-0.0149201	0.021703	6
25	16	-0.031449	0.0216968	8
25	17	-0.0717696	0.0217111	9
25	7	0.0566842	0.0216964	14
26	0	0	0	-1
26	3	0.0503091	0.021638	2
26	14	-0.0539232	0.0216284	6
26	16	-0.0378655	0.0216222	8
26	17	-0.0661748	0.0216364	9
26	7	0.0391565	0.0216218	14
27	0	0	0	-1
27	3	0.0595169	0.0216793	2
27	14	-0.028841	0.0216696	6
27	16	-0.0319773	0.0216634	8
27	17	-0.0737954	0.0216776	9
27	7	0.0733998	0.021663	14
28	0	0	0	-1
28	3	0.0316369	0.0211701	2
28	14	-0.0270973	0.0211605	6
28	16	-0.0370079	0.0211562	8
28	17	-0.0655744	0.0211707	9
28	19	0.0637497	0.0211562	15
29	0	0	0	-1
29	3	0.0739034	0.0223017	2
29	14	-0.0327813	0.0222904	6
29	16	-0.0249519	0.0222854	8
29	17	-0.0730621	0.0223024	9
29	19	0.0843064	0.0222855	15
30	0	0	0	-1
30	3	0.0379821	0.0210871	2
30	14	-0.0555822	0.0210776	6
30	16	-0.0537743	0.0210733	8
30	17	-0.0484856	0.0210877	9
30	19	0.0116144	0.0210734	15
31	0	0	0	-1
31	3	0.075487	0.020274	2
31	14	-0.0393022	0.0202648	6
31	16	-0.0223658	0.020261	8
31	17	-0.0855157	0.0202737	9
31	7	0.0550103	0.0202597	14
31	19	0.0707309	0.0202608	15
32	0	0	0	-1
32	3	0.0321603	0.021819	2
32	14	-0.0339482	0.0218076	6
32	16	-0.0210608	0.0218029	8
32	17	-0.0843504	0.0218187	9
32	7	0.0683452	0.0218013	14
32	19	0.0730934	0.0218026	15
33	0	0	0	-1
33	3	0.090557	0.0216214	2
33	14	-0.0275529	0.0216102	6
33	16	-0.0496922	0.0216057	8
33	17	-0.106302	0.021621	9
33	7	0.0780039	0.0216041	14
33	19	0.0580264	0.0216054	15
34	0	0	0	-1
34	3	0.0645149	0.0216779	2
34	14	-0.069061	0.0216667	6
34	16	-0.0234489	0.0216621	8
34	17	-0.108938	0.0216775	9
34	7	0.0664293	0.0216605	14
34	19	0.073269	0.0216618	15
35	0	0	0	-1
35	3	0.0554582	0.0200608	2
35	14	-0.0281713	0.0200519	6
35	16	-0.0955559	0.0200483	8
35	17	-0.115074	0.0200605	9
35	7	0.0667523	0.020047	14
35	19	0.0763314	0.020048	15
36	0	0	0	-1
36	3	0.047643	0.0205722	2
36	14	-0.0298471	0.0205626	6
36	16	-0.0300619	0.0205587	8
36	17	-0.0952505	0.0205719	9
36	7	0.0513224	0.0205573	14
36	19	0.0173474	0.0205584	15
37	0	0	0	-1
37	3	0.0715604	0.0213018	2
37	14	-0.0433922	0.0212912	6
37	16	-0.0346175	0.0212868	8
37	17	-0.0492414	0.0213015	9
37	7	0.0609532	0.0212853	14
37	19	0.0519723	0.0212865	15
38	0	0	0	-1
38	3	0.0518808	0.0218624	2
38	4	0.0282317	0.0218403	3
38	16	-0.0241021	0.0218445	8
38	17	-0.0367783	0.0218607	9
38	7	0.0179639	0.021842	14
38	19	0.0586138	0.0218438	15
39	0	0	0	-1
39	3	0.0434163	0.0196518	2
39	4	0.0363714	0.0196358	3
39	16	-0.0896722	0.0196388	8
39	17	-0.0539313	0.0196506	9
39	7	0.0213482	0.019637	14
39	19	0.0531712	0.0196383	15
40	0	0	0	-1
40	3	0.07061	0.0204609	2
40	16	-0.0276293	0.0204481	8
40	17	-0.0678876	0.0204609	9
40	15	-0.0724323	0.020455	12
40	7	0.0347461	0.0204506	14
40	19	0.0165498	0.0204492	15
41	0	0	0	-1
41	3	0.0523718	0.0219442	2
41	16	-0.0585354	0.0219284	8
41	17	-0.0719274	0.0219442	9
41	15	-0.0764883	0.0219369	12
41	7	0.0489147	0.0219315	14
41	19	0.039884	0.0219298	15
42	0	0	0	-1
42	3	0.0669708	0.0204937	2
42	16	-0.0855559	0.0204808	8
42	17	-0.0136736	0.0204937	9
42	15	-0.0259268	0.0204878	12
42	7	0.0563156	0.0204834	14
42	19	0.0452839	0.020482	15
43	0	0	0	-1
43	3	0.0825025	0.0204663	2
43	16	-0.0620579	0.0204534	8
43	17	-0.0903136	0.0204663	9
43	15	-0.0568167	0.0204604	12
43	7	0.059609	0.020456	14
43	19	0.0266397	0.0204546	15
44	0	0	0	-1
44	3	0.0479569	0.0218372	2
44	16	-0.0611932	0.0218216	8
44	17	-0.0968867	0.0218372	9
44	15	-0.107546	0.02183	12
44	7	0.0402669	0.0218247	14
44	19	0.0189582	0.021823	15
45	0	0	0	-1
45	3	0.0455918	0.0214932	2
45	16	-0.027674	0.0214784	8
45	17	-0.0709489	0.0214932	9
45	15	-0.0255039	0.0214864	12
45	7	0.0424216	0.0214813	14
45	19	0.0339949	0.0214797	15
46	0	0	0	-1
46	3	0.106426	0.0192312	2
46	16	-0.0577639	0.0192206	8
46	17	-0.0834926	0.0192312	9
46	15	-0.0104088	0.0192263	12
46	7	0.0560527	0.0192227	14
46	19	0.0198616	0.0192216	15
47	0	0	0	-1
47	3	0.101467	0.0210223	2
47	16	-0.034144	0.0210078	8
47	17	-0.103099	0.0210225	9
47	11	0.0738392	0.0210063	10
47	7	0.0349176	0.0210077	14
47	19	0.064531	0.0210073	15
48	0	0	0	-1
48	3	0.0888293	0.0216553	2
48	16	-0.0354053	0.0216395	8
48	17	-0.0913826	0.0216556	9
48	11	-0.00849663	0.0216379	10
48	7	0.0206696	0.0216394	14
48	19	0.0493479	0.021639	15
49	0	0	0	-1
49	3	0.105489	0.0193604	2
49	6	0.039262	0.0193516	5
49	16	-0.0327873	0.019352	8
49	17	-0.109128	0.0193615	9
49	11	-0.0169585	0.0193471	10
49	7	0.0942642	0.0193491	14
49	19	0.0225806	0.0193484	15
50	0	0	0	-1
50	3	0.0877885	0.0188465	2
50	6	-0.00242767	0.0188384	5
50	16	0.00282259	0.0188388	8
50	17	-0.0936512	0.0188475	9
50	11	0.0343441	0.0188343	10
50	7	0.0491974	0.0188361	14
50	19	0.0721147	0.0188355	15
51	0	0	0	-1
51	3	0.0808515	0.0210652	2
51	6	0.0127475	0.0210539	5
51	16	-0.00956605	0.0210544	8
51	17	-0.0713764	0.0210667	9
51	11	0.0338208	0.0210482	10
51	7	0.0459072	0.0210506	14
51	19	0.035153	0.0210498	15
52	0	0	0	-1
52	3	0.0557673	0.0207384	2
52	6	0.00656566	0.0207276	5
52	16	-0.00933742	0.0207281	8
52	17	-0.0816582	0.0207398	9
52	11	0.0288028	0.0207222	10
52	7	0.0461302	0.0207245	14
52	19	0.099101	0.0207237	15
53	0	0	0	-1
53	3	0.0663412	0.0212465	2
53	6	0.0154663	0.0212349	5
53	16	-0.0298212	0.0212354	8
53	17	-0.0741624	0.021248	9
53	11	0.0544679	0.021229	10
53	7	0.035036	0.0212315	14
53	19	0.0362751	0.0212307	15
54	0	0	0	-1
54	3	0.0787502	0.0194249	2
54	6	0.0462981	0.0194161	5
54	16	-0.0203417	0.0194165	8
54	17	-0.10276	0.0194261	9
54	11	0.0333508	0.0194116	10
54	7	0.0548242	0.0194135	14
54	19	0.0225679	0.0194129	15
55	0	0	0	-1
55	3	0.0622196	0.0210661	2
55	6	0.0135474	0.0210548	5
55	16	-0.00568437	0.0210554	8
55	17	-0.0746628	0.0210676	9
55	11	0.0466574	0.0210491	10
55	7	0.00099095	0.0210516	14
55	19	0.0611305	0.0210508	15
56	0	0	0	-1
56	3	0.0667648	0.0218084	2
56	6	0.0228049	0.0217986	5
56	14	-0.0516693	0.0215042	6
56	16	-0.0568212	0.0217965	8
56	17	-0.0182971	0.0218115	9
56	11	0.0243624	0.0217884	10
56	7	0.0729823	0.021794	14
56	19	0.0354583	0.0217901	15
56	20	0.0468555	0.0214845	6 9
57	0	0	0	-1
57	3	0.0644351	0.0213106	2
57	6	-0.0114817	0.0213015	5
57	14	-0.0410389	0.0208362	6
57	16	-0.067036	0.0212995	8
57	17	-0.0724673	0.0213135	9
57	11	0.0301117	0.0212919	10
57	7	0.0625866	0.0212971	14
57	19	0.0808657	0.0212935	15
57	20	0.0382863	0.0208183	6 9
58	0	0	0	-1
58	3	0.0951982	0.022153	2
58	6	0.00845149	0.0221427	5
58	14	0.00618381	0.0220321	6
58	16	-0.060828	0.0221405	8
58	17	-0.0411583	0.0221563	9
58	11	0.0429444	0.022132	10
58	7	0.0725204	0.0221378	14
58	19	0.0431496	0.0221338	15
58	20	0.0625394	0.0220109	6 9
59	0	0	0	-1
59	3	0.0873808	0.0215405	2
59	6	-0.0302528	0.0215311	5
59	14	-0.0580508	0.0211308	6
59	16	-0.0476623	0.0215291	8
59	17	-0.0969404	0.0215435	9
59	11	0.0357529	0.0215212	10
59	7	0.0469313	0.0215266	14
59	19	0.0823772	0.0215228	15
59	20	0.0283354	0.0211122	6 9
60	0	0	0	-1
60	3	0.0653352	0.0214457	2
60	6	0.0226808	0.0214364	5
60	14	-0.0279739	0.0210958	6
60	16	-0.0248191	0.0214345	8
60	17	-0.0169075	0.0214487	9
60	11	0.0444162	0.0214267	10
60	7	0.0637445	0.021432	14
60	19	0.0428531	0.0214283	15
60	20	0.00695348	0.0210773	6 9
61	0	0	0	-1
61	3	0.0707681	0.0209653	2
61	6	0.0379129	0.0209566	5
61	14	-0.0356298	0.02029	6
61	16	-0.0669979	0.0209548	8
61	17	-0.0568384	0.0209681	9
61	11	-0.00411032	0.0209476	10
61	7	0.0445685	0.0209525	14
61	19	0.0500284	0.0209491	15
61	20	0.00915531	0.0202735	6 9
62	0	0	0	-1
62	3	0.0618719	0.0212703	2
62	6	-0.0196661	0.0212613	5
62	14	-0.0394396	0.0208106	6
62	16	-0.0231446	0.0212593	8
62	17	-0.0995274	0.0212733	9
62	11	0.0400392	0.0212518	10
62	7	0.0168033	0.021257	14
62	19	0.0316496	0.0212534	15
62	20	0.0236415	0.0207928	6 9
63	0	0	0	-1
63	3	0.0214531	0.0218292	2
63	6	0.0387623	0.0218179	5
63	14	-0.0345949	0.0218192	6
63	16	0.000609408	0.0218177	8
63	17	-0.0718129	0.0218301	9
63	11	-0.00356438	0.0218105	10
63	15	-0.0647091	0.0218217	12
63	7	0.0224926	0.0218187	14
63	19	0.0458999	0.0218143	15
64	0	0	0	-1
64	3	0.0446744	0.0208835	2
64	6	-0.00405033	0.0208734	5
64	16	-0.0148501	0.020876	8
64	17	-0.0865345	0.0208859	9
64	11	-0.00612078	0.0208672	10
64	12	0.0287968	0.0208703	11
64	15	-0.0228352	0.0208766	12
64	7	0.0670262	0.0208758	14
64	19	0.0274073	0.0208721	15
65	0	0	0	-1
65	3	0.0831592	0.0212073	2
65	6	-0.0131376	0.0211967	5
65	16	-0.0262712	0.0211995	8
65	17	-0.0764953	0.0212098	9
65	11	-0.000222473	0.0211903	10
65	12	-0.0380903	0.0211935	11
65	15	-0.0534501	0.0212001	12
65	7	0.0390318	0.0211993	14
65	19	0.042137	0.0211954	15
66	0	0	0	-1
66	3	0.0373591	0.020189	2
66	6	-0.0237888	0.0201799	5
66	16	-0.0720208	0.0201823	8
66	17	-0.0823849	0.0201912	9
66	11	-0.00867775	0.0201743	10
66	12	-0.0438559	0.0201771	11
66	15	-0.0186663	0.0201828	12
66	7	0.0469433	0.0201821	14
66	19	0.0399619	0.0201787	15
67	0	0	0	-1
67	3	0.0719199	0.0197929	2
67	6	0.0372297	0.0197842	5
67	16	-0.0738495	0.0197865	8
67	17	-0.0636617	0.0197949	9
67	11	0.00708123	0.019779	10
67	12	-0.0707374	0.0197816	11
67	15	-0.0550146	0.019787	12
67	7	0.0645446	0.0197863	14
67	19	0.0256465	0.0197832	15
68	0	0	0	-1
68	3	0.0558252	0.0209353	2
68	6	0.027837	0.0209251	5
68	16	-0.0347819	0.0209277	8
68	17	-0.116721	0.0209376	9
68	11	0.0495153	0.0209189	10
68	12	-0.0258662	0.020922	11
68	15	-0.0487667	0.0209283	12
68	7	0.0791739	0.0209276	14
68	19	0.0212143	0.0209238	15
69	0	0	0	-1
69	3	0.056329	0.0211293	2
69	6	0.00900505	0.0211188	5
69	16	-0.051375	0.0211216	8
69	17	-0.0706335	0.0211317	9
69	11	0.0159446	0.0211124	10
69	12	-0.0205218	0.0211156	11
69	15	-0.0613503	0.0211221	12
69	7	0.0407523	0.0211214	14
69	19	0.0892032	0.0211175	15
70	0	0	0	-1
70	3	0.0618186	0.0220896	2
70	6	0.0347893	0.022079	5
70	14	0.00237652	0.0220868	6
70	16	-0.0310547	0.0220798	8
70	17	-0.0837411	0.0220916	9
70	11	-0.0040817	0.0220694	10
70	12	-0.0143088	0.0220817	11
70	7	0.0755673	0.022075	14
70	19	0.00124079	0.0220734	15
71	0	0	0	-1
71	3	0.041014	0.0192057	2
71	4	0.0439621	0.019192	3
71	6	0.010733	0.0191972	5
71	14	-0.00725501	0.0192032	6
71	16	-0.053798	0.0191978	8
71	17	-0.053028	0.0192045	9
71	11	0.0300871	0.0191929	10
71	12	-0.00846962	0.0191985	11
71	7	0.0668615	0.0191952	14
72	0	0	0	-1
72	3	0.101306	0.020749	2
72	4	0.034131	0.0207315	3
72	6	0.00487487	0.0207372	5
72	16	-0.0270066	0.0207393	8
72	17	-0.066128	0.0207495	9
72	11	0.0016192	0.0207331	10
72	12	-0.0209591	0.0207333	11
72	7	0.0090578	0.0207346	14
72	19	0.0476646	0.0207338	15
73	0	0	0	-1
73	3	0.0984303	0.0206667	2
73	4	0.0503402	0.0206495	3
73	6	-0.0551421	0.0206551	5
73	16	-0.0354812	0.0206572	8
73	17	-0.107736	0.0206673	9
73	11	0.0337933	0.020651	10
73	12	-0.00330217	0.0206512	11
73	7	0.0324334	0.0206525	14
73	19	0.0546665	0.0206517	15
74	0	0	0	-1
74	3	0.050027	0.0200888	2
74	4	0.0122893	0.0200729	3
74	6	-0.000114718	0.0200781	5
74	16	-0.0372727	0.02008	8
74	17	-0.0978378	0.0200893	9
74	11	0.035423	0.0200743	10
74	12	-0.0353455	0.0200745	11
74	7	0.0632786	0.0200757	14
74	19	0.043275	0.020075	15
75	0	0	0	-1
75	3	0.0461077	0.0201534	2
75	4	0.0327294	0.0201373	3
75	6	0.0197222	0.0201425	5
75	16	-0.0408428	0.0201445	8
75	17	-0.0417987	0.0201539	9
75	11	0.0320189	0.0201388	10
75	12	-0.0371508	0.020139	11
75	7	0.0256668	0.0201402	14
75	19	0.0342729	0.0201394	15
76	0	0	0	-1
76	3	0.0956249	0.0206011	2
76	4	0.0115887	0.020584	3
76	6	0.0386086	0.0205896	5
76	16	-0.0753469	0.0205917	8
76	17	-0.0528152	0.0206016	9
76	11	0.0616395	0.0205855	10
76	12	-0.0208397	0.0205857	11
76	7	0.0665842	0.020587	14
76	19	0.0571311	0.0205862	15
77	0	0	0	-1
77	1	-0.0113974	0.0207178	0
77	3	0.101431	0.0207304	2
77	4	0.0026209	0.0207139	3
77	6	0.00335649	0.0207155	5
77	17	-0.0992533	0.0207317	9
77	11	0.0240759	0.0207166	10
77	12	-0.0185434	0.0207153	11
77	7	0.0623335	0.0207193	14
77	19	0.0206865	0.0207166	15
78	0	0	0	-1
78	1	0.0265189	0.0204896	0
78	3	0.0564276	0.0205019	2
78	4	0.00664197	0.0204859	3
78	6	-0.000874143	0.0204874	5
78	17	-0.0604225	0.0205031	9
78	11	0.0539981	0.0204885	10
78	12	0.00800658	0.0204873	11
78	7	0.0644381	0.0204911	14
78	19	0.0391139	0.0204885	15
79	0	0	0	-1
79	1	0.0226928	0.0209051	0
79	3	0.0783099	0.0209181	2
79	4	0.0280525	0.0209011	3
79	6	-0.0257186	0.0209027	5
79	17	-0.0443989	0.0209194	9
79	11	0.0401959	0.0209039	10
79	12	-0.0595014	0.0209026	11
79	7	-0.00031506	0.0209067	14
79	19	0.0590258	0.0209039	15
80	0	0	0	-1
80	1	0.021672	0.0194699	0
80	3	0.0342833	0.0194821	2
80	4	-0.007505	0.0194675	3
80	17	-0.0314389	0.0194828	9
80	11	0.0477693	0.0194695	10
80	12	-0.05378	0.019468	11
80	13	0.0122328	0.0194679	13
80	7	0.0392002	0.0194711	14
80	19	0.0573235	0.0194692	15
81	0	0	0	-1
81	1	-0.0247443	0.0203853	0
81	3	0.0867636	0.0203986	2
81	4	0.0332441	0.0203822	3
81	16	-0.0443317	0.0203854	8
81	17	-0.0633483	0.0203975	9
81	11	0.0548791	0.0203836	10
81	12	0.0027158	0.020384	11
81	13	-0.0145166	0.0203819	13
81	7	0.0738502	0.0203859	14
82	0	0	0	-1
82	1	0.0233148	0.0211948	0
82	3	0.0538221	0.0212098	2
82	4	0.00501137	0.0211913	3
82	16	-0.0522128	0.021195	8
82	17	-0.0397432	0.0212086	9
82	11	0.013804	0.0211929	10
82	12	0.00229462	0.0211933	11
82	13	-0.0348138	0.021191	13
82	7	0.0525818	0.0211955	14
83	0	0	0	-1
83	1	-0.0296464	0.0216621	0
83	3	0.0253013	0.021678	2
83	4	0.00557726	0.0216583	3
83	16	-0.0592208	0.0216622	8
83	17	-0.0873043	0.0216767	9
83	11	0.048788	0.02166	10
83	12	-0.000663814	0.0216604	11
83	13	-0.025297	0.0216579	13
83	7	0.0584232	0.0216628	14
84	0	0	0	-1
84	1	-0.00350532	0.0203513	0
84	3	0.0812942	0.0203645	2
84	4	0.037984	0.0203481	3
84	16	-0.056363	0.0203514	8
84	17	-0.0635471	0.0203635	9
84	11	0.0264943	0.0203496	10
84	12	-0.0254897	0.0203499	11
84	13	-0.0138845	0.0203478	13
84	7	0.0800644	0.0203519	14
85	0	0	0	-1
85	1	0.0196207	0.0221963	0
85	3	0.0567801	0.0222157	2
85	4	0.00903139	0.0221946	3
85	16	-0.00224687	0.0221957	8
85	17	-0.0758534	0.0222131	9
85	11	0.0938286	0.0221961	10
85	13	0.00212994	0.0221934	13
85	7	0.0530916	0.0221973	14
86	0	0	0	-1
86	1	-0.0136155	0.0215465	0
86	3	0.0813343	0.0215661	2
86	4	0.0421479	0.0215422	3
86	6	0.00389921	0.0215486	5
86	16	-0.0285988	0.0215523	8
86	17	-0.0831589	0.0215651	9
86	13	-0.0330111	0.0215444	13
86	7	0.0450609	0.0215479	14
87	0	0	0	-1
87	1	0.0815304	0.0197091	0
87	3	0.0624329	0.0197241	2
87	4	0.0082873	0.0197059	3
87	6	-0.0133675	0.0197108	5
87	16	0.000687867	0.0197136	8
87	17	-0.0827978	0.0197234	9
87	13	0.0250395	0.0197076	13
87	7	0.0890103	0.0197102	14
88	0	0	0	-1
88	1	-0.0280553	0.0205387	0
88	3	0.0662691	0.0205529	2
88	4	-0.024898	0.0205356	3
88	6	-0.0132386	0.02054	5
88	16	-0.0496738	0.0205431	8
88	17	-0.0674718	0.0205511	9
88	15	-0.0591612	0.0205434	12
88	7	0.048383	0.0205434	14
89	0	0	0	-1
89	1	0.0258414	0.0212768	0
89	3	0.0745943	0.0212924	2
89	4	0.0686784	0.0212798	3
89	6	0.0266597	0.0212743	5
89	8	0.000281076	0.0212841	7
89	16	-0.047257	0.0212787	8
89	17	-0.0822049	0.0212956	9
89	15	-0.0361323	0.0212794	12
89	7	0.0414248	0.0212801	14
89	22	-0.0374703	0.0214568	3 7
90	0	0	0	-1
90	1	0.00218125	0.0211605	0
90	3	0.0855443	0.0211758	2
90	4	-0.0345536	0.0211635	3
90	6	0.0642175	0.021158	5
90	8	0.0328118	0.0211676	7
90	16	-0.0222606	0.0211623	8
90	17	-0.0721448	0.021179	9
90	15	-0.0120001	0.0211631	12
90	7	0.0525902	0.0211637	14
90	22	-0.0106444	0.0213375	3 7
91	0	0	0	-1
91	1	0.0142063	0.019793	0
91	3	0.0737288	0.0198055	2
91	4	0.0113441	0.0197954	3
91	6	0.000402648	0.0197909	5
91	8	0.048968	0.0197988	7
91	16	-0.0372777	0.0197944	8
91	17	-0.0595512	0.0198081	9
91	15	-0.0361109	0.019795	12
91	7	0.0619439	0.0197956	14
91	22	-0.0563993	0.0199376	3 7
92	0	0	0	-1
92	1	0.0386235	0.0207454	0
92	3	0.0530391	0.0207598	2
92	4	0.0105907	0.0207482	3
92	6	0.0312959	0.020743	5
92	8	-0.0119274	0.0207521	7
92	16	-0.0339723	0.0207471	8
92	17	-0.0940216	0.0207628	9
92	15	0.012621	0.0207478	12
92	7	0.0288692	0.0207484	14
92	22	-0.0206308	0.0209121	3 7
93	0	0	0	-1
93	1	0.0570936	0.0207133	0
93	3	0.0777118	0.0207276	2
93	4	-8.24464e-05	0.0207161	3
93	6	-0.016236	0.0207109	5
93	8	0.0335162	0.02072	7
93	16	-0.053498	0.020715	8
93	17	-0.10601	0.0207306	9
93	15	-0.0369227	0.0207157	12
93	7	0.0540279	0.0207163	14
93	22	-0.0334692	0.0208792	3 7
94	0	0	0	-1
94	1	-0.00169161	0.0202308	0
94	3	0.0875691	0.0202442	2
94	4	0.0101119	0.0202334	3
94	6	0.00967328	0.0202286	5
94	8	-0.00377228	0.020237	7
94	16	-0.00806521	0.0202324	8
94	17	-0.0554958	0.020247	9
94	15	-0.0634867	0.020233	12
94	7	0.0170294	0.0202336	14
94	22	-0.0808023	0.0203853	3 7
95	0	0	0	-1
95	1	-0.00452061	0.0204136	0
95	3	0.0659504	0.0204273	2
95	4	-0.0103098	0.0204162	3
95	6	-0.00395519	0.0204113	5
95	8	0.0143916	0.02042	7
95	16	-0.0328045	0.0204152	8
95	17	-0.0693689	0.0204302	9
95	15	-0.074831	0.0204158	12
95	7	0.0493698	0.0204164	14
95	22	-0.0543575	0.0205723	3 7
96	0	0	0	-1
96	1	0.00971455	0.0208569	0
96	3	0.0842595	0.0208716	2
96	4	0.0394531	0.0208598	3
96	6	0.00518487	0.0208545	5
96	8	-0.00658939	0.0208637	7
96	16	-0.0754525	0.0208586	8
96	17	-0.0895708	0.0208746	9
96	15	-0.0388393	0.0208593	12
96	7	0.0822358	0.02086	14
96	22	-0.039441	0.0210263	3 7
97	0	0	0	-1
97	1	0.0112127	0.0206865	0
97	3	0.0844464	0.0206999	2
97	4	0.00157347	0.0206877	3
97	6	0.0248064	0.0206848	5
97	14	-0.0440668	0.0206912	6
97	8	0.0513497	0.0206939	7
97	16	-0.0285519	0.020687	8
97	17	-0.0865862	0.0207023	9
97	15	-0.0587025	0.0206885	12
97	7	0.02517	0.0206887	14
97	22	-0.0492644	0.0208502	3 7
98	0	0	0	-1
98	1	0.013156	0.0204913	0
98	3	0.0700214	0.0205044	2
98	4	0.0384682	0.0204925	3
98	6	-0.00836481	0.0204897	5
98	14	-0.062587	0.0204959	6
98	8	0.0476848	0.0204986	7
98	16	-0.0343352	0.0204918	8
98	17	-0.0709909	0.0205067	9
98	15	-0.0680936	0.0204933	12
98	7	0.0893589	0.0204935	14
98	22	-0.00713218	0.0206504	3 7
99	0	0	0	-1
99	1	0.0441338	0.0218049	0
99	3	0.101188	0.0218206	2
99	4	0.0534025	0.0218062	3
99	6	0.00358217	0.0218029	5
99	14	-0.0672065	0.0218104	6
99	8	0.0152486	0.0218136	7
99	16	-0.0613691	0.0218055	8
99	17	-0.0327685	0.0218234	9
99	15	-0.0506012	0.0218073	12
99	7	0.0704509	0.0218075	14
99	22	-0.0499823	0.0219968	3 7
100	0	0	0	-1
100	1	0.03539	0.0215235	0
100	3	0.0548754	0.0215386	2
100	4	-0.0635583	0.0215248	3
100	6	-0.00119049	0.0215216	5
100	14	-0.0342715	0.0215288	6
100	8	-0.0231744	0.0215319	7
100	16	-0.0265079	0.0215241	8
100	17	-0.0883992	0.0215413	9
100	15	-0.0487782	0.0215258	12
100	7	0.0537034	0.021526	14
100	22	-0.0573941	0.021708	3 7
