MODEL	MAINEFFS	MLE_BETA	SE	Z_MEAN	A_MEAN	PRIOR_BETA	SE	ADD_PROB1	-1	2.19728e-05	0.0223832	0.0148731	0	0.140462	0.082356	0
1	0	0.0243716	0.0223926	0.0175858	0	0.0741212	0.082356	0
1	1	-0.00166109	0.0223907	-0.0156909	0	-0.064162	0.082356	0
1	2	0.0673645	0.0224138	-0.0728002	0	0.0356419	0.082356	0
1	3	0.0166787	0.0223904	-0.0529186	0	-0.12152	0.082356	0
1	14	0.0504288	0.022399	-0.0150729	0	0.0486673	0.082356	0.73794
1	5	0.00821673	0.0223897	0.00589528	0	-0.060279	0.082356	0
2	-1	2.19728e-05	0.0223832	0.0193134	0	-0.0535067	0.0436164	0
2	0	0.0243716	0.0223926	0.016024	0	-0.0252	0.0436164	0
2	1	-0.00166109	0.0223907	0.00548876	0	0.00564448	0.0436164	0
2	2	0.0673645	0.0224138	0.0074919	0	0.0579011	0.0436164	2.00571e-05
2	3	0.0166787	0.0223904	0.00952081	0	0.0914076	0.0436164	0
2	14	0.0504288	0.022399	0.017461	0	0.0223547	0.0436164	0.73794
2	5	0.00821673	0.0223897	0.0259724	0	0.0338763	0.0436164	0
3	-1	2.19728e-05	0.0223832	0.0179514	0	-0.183879	0.0835484	0
3	0	0.0243716	0.0223926	0.037857	0	-0.0424491	0.0835484	0
3	1	-0.00166109	0.0223907	0.00926715	0	0.00768151	0.0835484	0
3	2	0.0673645	0.0224138	0.183413	0	0.179943	0.0835484	2.00571e-05
3	3	0.0166787	0.0223904	0.123789	0	0.112593	0.0835484	0
3	14	0.0504288	0.022399	0.155946	0	0.165716	0.0835484	0.73794
3	5	0.00821673	0.0223897	-0.000203092	0	0.0578221	0.0835484	0
4	-1	2.19728e-05	0.0223832	0.0117828	0	-0.0739688	0.0506221	0
4	0	0.0243716	0.0223926	0.020076	0	-0.0155986	0.0506221	0
4	1	-0.00166109	0.0223907	-0.00802208	0	-0.0452401	0.0506221	0
4	2	0.0673645	0.0224138	0.0402623	0	0.0783594	0.0506221	2.00571e-05
4	3	0.0166787	0.0223904	0.0265684	0	0.0923976	0.0506221	0
4	14	0.0504288	0.022399	0.0410511	0	0.0800894	0.0506221	0.73794
4	5	0.00821673	0.0223897	0.00077757	0	0.053175	0.0506221	0
5	-1	2.30299e-05	0.0223854	0.0266023	0	-0.0182762	0.0709478	0
5	0	0.0239037	0.0223959	0.0409838	0	-0.0315964	0.0709478	0
5	1	-0.00133189	0.0223941	0.00150957	0	-0.0651426	0.0709478	0
5	2	0.0678082	0.0224134	0.0872914	0	0.0907501	0.0709478	2.00571e-05
5	10	0.0324145	0.0223978	0.0204152	0	0.079666	0.0709478	0.00509341
5	14	0.0499586	0.022403	0.0715046	0	0.0620989	0.0709478	0.73794
5	5	0.00801645	0.0223924	0.00649603	0	-0.100531	0.0709478	0
6	-1	2.21001e-05	0.0223838	0.0200135	0	-0.020892	0.0381053	0
6	5	0.00780823	0.0223901	0.0200135	0	0.0228201	0.0381053	0
6	1	-0.00127635	0.0223926	0.0200135	0	0.0272799	0.0381053	0
6	2	0.067625	0.0224115	0.0200135	0	-0.00210753	0.0381053	2.00571e-05
6	10	0.0327164	0.0223946	0.0200135	0	0.107158	0.0381053	0.00509341
6	14	0.0495693	0.0223983	0.0200135	0	0.0458534	0.0381053	0.594923
7	-1	2.21001e-05	0.0223838	0.0200135	0	-0.0698921	0.0405305	0
7	5	0.00780823	0.0223901	0.0200135	0	-0.0893144	0.0405305	0
7	1	-0.00127635	0.0223926	0.0200135	0	-0.0171246	0.0405305	0
7	2	0.067625	0.0224115	0.0200135	0	-0.0276469	0.0405305	2.00571e-05
7	10	0.0327164	0.0223946	0.0200135	0	-0.0382611	0.0405305	0.00509341
7	14	0.0495693	0.0223983	0.0200135	0	-0.0137638	0.0405305	0.594923
8	-1	2.19663e-05	0.0223839	0.0200135	0	-0.0193925	0.0380659	0
8	5	0.00780931	0.02239	0.0200135	0	0.00345586	0.0380659	0
8	13	-0.007733	0.0223899	0.0200135	0	0.0197338	0.0380659	0.00723504
8	2	0.0677769	0.0224125	0.0200135	0	-0.0181143	0.0380659	2.00571e-05
8	10	0.0327003	0.0223934	0.0200135	0	0.0851294	0.0380659	0.00509341
8	14	0.0494874	0.022396	0.0200135	0	0.0333515	0.0380659	0.594923
9	-1	2.19663e-05	0.0223839	0.0200135	0	0.0320776	0.0523714	0
9	5	0.00780931	0.02239	0.0200135	0	0.0533991	0.0523714	0.000916205
9	13	-0.007733	0.0223899	0.0200135	0	0.0821083	0.0523714	0.00723504
9	2	0.0677769	0.0224125	0.0200135	0	0.0221162	0.0523714	2.00571e-05
9	10	0.0327003	0.0223934	0.0200135	0	-0.0303999	0.0523714	0.00509341
9	14	0.0494874	0.022396	0.0200135	0	0.0966868	0.0523714	0.594923
10	-1	1.41513e-05	0.0223896	0.0200135	0	0.00407321	0.0428578	0
10	5	0.00847001	0.0223984	0.0200135	0	0.0146296	0.0428578	0.000916205
10	6	-0.0457507	0.0224086	0.0200135	0	0.035075	0.0428578	0.0130456
10	2	0.0674001	0.0224156	0.0200135	0	0.0484626	0.0428578	2.00571e-05
10	10	0.0325344	0.0223992	0.0200135	0	-0.019334	0.0428578	0.00509341
10	14	0.0500176	0.0224022	0.0200135	0	0.0350026	0.0428578	0.594923
11	-1	1.41513e-05	0.0223896	0.0200135	0	0.0767871	0.0763552	0
11	5	0.00847001	0.0223984	0.0200135	0	0.0957848	0.0763552	0.121219
11	6	-0.0457507	0.0224086	0.0200135	0	0.0435642	0.0763552	0.0130456
11	2	0.0674001	0.0224156	0.0200135	0	-0.0745324	0.0763552	2.00571e-05
11	10	0.0325344	0.0223992	0.0200135	0	0.168872	0.0763552	0.00509341
11	14	0.0500176	0.0224022	0.0200135	0	0.0606168	0.0763552	0.594923
12	-1	1.41513e-05	0.0223896	0.0200135	0	0.0300769	0.0426108	0
12	5	0.00847001	0.0223984	0.0200135	0	0.0680054	0.0426108	0.121219
12	6	-0.0457507	0.0224086	0.0200135	0	0.00230175	0.0426108	0.0130456
12	2	0.0674001	0.0224156	0.0200135	0	-0.00253139	0.0426108	2.00571e-05
12	10	0.0325344	0.0223992	0.0200135	0	-0.0847778	0.0426108	0.00509341
12	14	0.0500176	0.0224022	0.0200135	0	0.0476707	0.0426108	0.594923
13	-1	1.41513e-05	0.0223896	0.0200135	0	-0.0472358	0.0840707	0
13	5	0.00847001	0.0223984	0.0200135	0	0.043524	0.0840707	0.121219
13	6	-0.0457507	0.0224086	0.0200135	0	0.0780414	0.0840707	0.00560168
13	2	0.0674001	0.0224156	0.0200135	0	0.15089	0.0840707	2.00571e-05
13	10	0.0325344	0.0223992	0.0200135	0	0.00233507	0.0840707	0.00509341
13	14	0.0500176	0.0224022	0.0200135	0	0.0256553	0.0840707	0.594923
14	-1	1.41513e-05	0.0223896	0.0200135	0	0.0141833	0.0556562	0
14	5	0.00847001	0.0223984	0.0200135	0	-0.0462559	0.0556562	0.121219
14	6	-0.0457507	0.0224086	0.0200135	0	-0.00615834	0.0556562	0.00560168
14	2	0.0674001	0.0224156	0.0200135	0	-0.108414	0.0556562	2.00571e-05
14	10	0.0325344	0.0223992	0.0200135	0	-0.127973	0.0556562	0.00509341
14	14	0.0500176	0.0224022	0.0200135	0	0.123859	0.0556562	0.594923
15	-1	1.41513e-05	0.0223896	0.0200135	0	-0.0506294	0.0630643	0
15	5	0.00847001	0.0223984	0.0200135	0	0.105312	0.0630643	0.121219
15	6	-0.0457507	0.0224086	0.0200135	0	0.12395	0.0630643	0.00560168
15	2	0.0674001	0.0224156	0.0200135	0	0.0936838	0.0630643	2.00571e-05
15	10	0.0325344	0.0223992	0.0200135	0	-0.0219183	0.0630643	0.00509341
15	14	0.0500176	0.0224022	0.0200135	0	0.125985	0.0630643	0.594923
16	-1	1.41513e-05	0.0223896	0.0200135	0	0.112644	0.0734647	0
16	5	0.00847001	0.0223984	0.0200135	0	0.014182	0.0734647	0.121219
16	6	-0.0457507	0.0224086	0.0200135	0	-0.00419405	0.0734647	0.00560168
16	2	0.0674001	0.0224156	0.0200135	0	0.115958	0.0734647	2.00571e-05
16	10	0.0325344	0.0223992	0.0200135	0	-0.04141	0.0734647	0.000416962
16	14	0.0500176	0.0224022	0.0200135	0	-0.0309516	0.0734647	0.594923
17	-1	1.41513e-05	0.0223896	0.0200135	0	0.0738329	0.0908197	0
17	5	0.00847001	0.0223984	0.0200135	0	-0.0833456	0.0908197	0.121219
17	6	-0.0457507	0.0224086	0.0200135	0	0.10957	0.0908197	0.00560168
17	2	0.0674001	0.0224156	0.0200135	0	-0.0770797	0.0908197	2.00571e-05
17	10	0.0325344	0.0223992	0.0200135	0	0.132277	0.0908197	0.000416962
17	14	0.0500176	0.0224022	0.0200135	0	-0.0327968	0.0908197	0.594923
18	-1	1.41513e-05	0.0223896	0.0200135	0	-0.0368244	0.0837998	0
18	5	0.00847001	0.0223984	0.0200135	0	0.10927	0.0837998	0.121219
18	6	-0.0457507	0.0224086	0.0200135	0	-0.0297997	0.0837998	0.00560168
18	2	0.0674001	0.0224156	0.0200135	0	0.0246741	0.0837998	2.00571e-05
18	10	0.0325344	0.0223992	0.0200135	0	-0.0413756	0.0837998	0.000416962
18	14	0.0500176	0.0224022	0.0200135	0	0.0171412	0.0837998	0.594923
19	-1	1.41513e-05	0.0223896	0.0200135	0	0.0128443	0.0526118	0
19	5	0.00847001	0.0223984	0.0200135	0	-0.0468475	0.0526118	0.121219
19	6	-0.0457507	0.0224086	0.0200135	0	-0.00783871	0.0526118	0.00560168
19	2	0.0674001	0.0224156	0.0200135	0	0.0921438	0.0526118	2.00571e-05
19	10	0.0325344	0.0223992	0.0200135	0	0.0143425	0.0526118	0.000416962
19	14	0.0500176	0.0224022	0.0200135	0	0.0480879	0.0526118	0.594923
20	-1	1.41513e-05	0.0223896	0.0200135	0	0.0322412	0.0589528	0
20	5	0.00847001	0.0223984	0.0200135	0	-0.0367666	0.0589528	0.121219
20	6	-0.0457507	0.0224086	0.0200135	0	0.118929	0.0589528	0.00560168
20	2	0.0674001	0.0224156	0.0200135	0	0.0475051	0.0589528	2.00571e-05
20	10	0.0325344	0.0223992	0.0200135	0	-0.0463039	0.0589528	0.000416962
20	14	0.0500176	0.0224022	0.0200135	0	-0.0726253	0.0589528	0.594923
21	-1	1.41513e-05	0.0223896	0.0200135	0	-0.0691523	0.0750923	0
21	5	0.00847001	0.0223984	0.0200135	0	-0.0736572	0.0750923	0.121219
21	6	-0.0457507	0.0224086	0.0200135	0	-0.0138745	0.0750923	0.00560168
21	2	0.0674001	0.0224156	0.0200135	0	0.00535403	0.0750923	2.00571e-05
21	10	0.0325344	0.0223992	0.0200135	0	-0.0584845	0.0750923	0.000416962
21	14	0.0500176	0.0224022	0.0200135	0	0.0111746	0.0750923	0.594923
22	-1	1.41513e-05	0.0223896	0.0200135	0	-0.00119606	0.0832656	0
22	5	0.00847001	0.0223984	0.0200135	0	-0.0141451	0.0832656	0.121219
22	6	-0.0457507	0.0224086	0.0200135	0	-0.0801511	0.0832656	7.04308e-05
22	2	0.0674001	0.0224156	0.0200135	0	-0.0876422	0.0832656	2.00571e-05
22	10	0.0325344	0.0223992	0.0200135	0	0.185666	0.0832656	0.000416962
22	14	0.0500176	0.0224022	0.0200135	0	0.0757325	0.0832656	0.594923
23	-1	8.27101e-06	0.0223907	0.0200135	0	0.0164028	0.0346405	0
23	5	0.00952486	0.0224048	0.0200135	0	-0.0448547	0.0346405	0.121219
23	6	-0.0456382	0.0224095	0.0200135	0	0.0184245	0.0346405	7.04308e-05
23	2	0.0676153	0.0224183	0.0200135	0	0.0802932	0.0346405	2.00571e-05
23	8	-0.0379623	0.0224059	0.0200135	0	-0.01052	0.0346405	0.0261471
23	14	0.0503278	0.0224019	0.0200135	0	0.0605555	0.0346405	0.594923
24	-1	-1.14234e-05	0.0224078	0.0200135	0	0.0243898	0.102056	0
24	9	-0.0789346	0.0224341	0.0200135	0	0.105812	0.102056	0.000596604
24	6	-0.0453241	0.0224252	0.0200135	0	-0.0802206	0.102056	7.04308e-05
24	2	0.0687508	0.022436	0.0200135	0	0.136374	0.102056	2.00571e-05
24	8	-0.0380938	0.0224184	0.0200135	0	0.0474675	0.102056	0.0261471
24	14	0.0498907	0.022418	0.0200135	0	0.0426122	0.102056	0.594923
25	-1	-1.14234e-05	0.0224078	0.0200135	0	-0.035366	0.0862096	0
25	9	-0.0789346	0.0224341	0.0200135	0	-0.0586545	0.0862096	0.000596604
25	6	-0.0453241	0.0224252	0.0200135	0	-0.0620192	0.0862096	7.04308e-05
25	2	0.0687508	0.022436	0.0200135	0	-0.0113124	0.0862096	2.00571e-05
25	8	-0.0380938	0.0224184	0.0200135	0	0.0860604	0.0862096	0.0261471
25	14	0.0498907	0.022418	0.0200135	0	-0.0451495	0.0862096	0.594923
26	-1	-1.14234e-05	0.0224078	0.0200135	0	-0.0396188	0.0818606	0
26	9	-0.0789346	0.0224341	0.0200135	0	0.0144128	0.0818606	0.000596604
26	6	-0.0453241	0.0224252	0.0200135	0	0.007037	0.0818606	7.04308e-05
26	2	0.0687508	0.022436	0.0200135	0	0.0798298	0.0818606	2.00571e-05
26	8	-0.0380938	0.0224184	0.0200135	0	-0.0144759	0.0818606	0.0261471
26	14	0.0498907	0.022418	0.0200135	0	-0.0127675	0.0818606	0.594923
27	-1	-1.14234e-05	0.0224078	0.0200135	0	0.00527985	0.084183	0
27	9	-0.0789346	0.0224341	0.0200135	0	-0.0690183	0.084183	0.000596604
27	6	-0.0453241	0.0224252	0.0200135	0	0.136763	0.084183	7.04308e-05
27	2	0.0687508	0.022436	0.0200135	0	0.0838146	0.084183	2.00571e-05
27	8	-0.0380938	0.0224184	0.0200135	0	-0.0811229	0.084183	0.0261471
27	14	0.0498907	0.022418	0.0200135	0	0.0173454	0.084183	0.594923
28	-1	-7.96839e-06	0.0224073	0.0200135	0	-0.0466977	0.0639566	0
28	9	-0.0783407	0.0224355	0.0200135	0	0.0762902	0.0639566	0.000596604
28	6	-0.0449628	0.0224233	0.0200135	0	0.0836762	0.0639566	7.04308e-05
28	2	0.0697238	0.0224348	0.0200135	0	-0.0576199	0.0639566	2.00571e-05
28	8	-0.0384193	0.0224182	0.0200135	0	0.0441207	0.0639566	0.0261471
28	15	0.0480604	0.0224183	0.0200135	0	0.05265	0.0639566	0.00179497
29	-1	-7.96839e-06	0.0224073	0.0200135	0	0.0681357	0.205036	0
29	9	-0.0783407	0.0224355	0.0200135	0	0.117495	0.205036	0.000596604
29	6	-0.0449628	0.0224233	0.0200135	0	0.149097	0.205036	7.04308e-05
29	2	0.0697238	0.0224348	0.0200135	0	0.125485	0.205036	2.00571e-05
29	8	-0.0384193	0.0224182	0.0200135	0	0.151752	0.205036	0.0261471
29	15	0.0480604	0.0224183	0.0200135	0	-0.113731	0.205036	0.00179497
30	-1	-7.96839e-06	0.0224073	0.0200135	0	0.10181	0.0617719	0
30	9	-0.0783407	0.0224355	0.0200135	0	0.0449209	0.0617719	0.000260477
30	6	-0.0449628	0.0224233	0.0200135	0	-0.0993241	0.0617719	7.04308e-05
30	2	0.0697238	0.0224348	0.0200135	0	0.00954816	0.0617719	2.00571e-05
30	8	-0.0384193	0.0224182	0.0200135	0	0.0474439	0.0617719	0.0261471
30	15	0.0480604	0.0224183	0.0200135	0	0.0360419	0.0617719	0.00179497
31	-1	-8.59322e-06	0.0224142	-0.00778081	0	0.0462957	0.0472683	0
31	9	-0.0781392	0.0224428	-0.0875581	0	-0.0962016	0.0472683	0.000260477
31	6	-0.0454636	0.0224307	0.00644128	0	-0.0060349	0.0472683	7.04308e-05
31	2	0.0691094	0.0224432	0.0840473	0	0.090103	0.0472683	2.00571e-05
31	8	-0.0382369	0.0224256	-0.0840239	0	-0.0920862	0.0472683	0.0261471
31	15	0.0480447	0.0224253	0.0554821	0	0.0803223	0.0472683	0.00179497
31	14	0.0498743	0.0224239	0.0656476	0	0.0816985	0.0472683	0.197758
32	-1	-8.59322e-06	0.0224142	-0.0263989	0	-0.0602147	0.0931648	0
32	9	-0.0781392	0.0224428	-0.0326039	0	0.00596843	0.0931648	0.000260477
32	6	-0.0454636	0.0224307	-0.0164394	0	0.079157	0.0931648	7.04308e-05
32	2	0.0691094	0.0224432	-0.0258071	0	-0.0841614	0.0931648	2.00571e-05
32	8	-0.0382369	0.0224256	-0.00952852	0	0.0324894	0.0931648	0.0261471
32	15	0.0480447	0.0224253	0.0553026	0	0.132692	0.0931648	0.00179497
32	14	0.0498743	0.0224239	-0.0371378	0	-0.195295	0.0931648	0.197758
33	-1	-8.59322e-06	0.0224142	-0.00817942	0	0.0194136	0.0806365	0
33	9	-0.0781392	0.0224428	-0.0655245	0	-0.0582954	0.0806365	0.000260477
33	6	-0.0454636	0.0224307	0.0102204	0	0.0338277	0.0806365	7.04308e-05
33	2	0.0691094	0.0224432	0.126939	0	0.155911	0.0806365	2.00571e-05
33	8	-0.0382369	0.0224256	-0.084104	0	-0.0989226	0.0806365	0.0261471
33	15	0.0480447	0.0224253	0.016344	0	-0.00111994	0.0806365	0.00179497
33	14	0.0498743	0.0224239	0.0645444	0	0.0679645	0.0806365	0.197758
34	-1	-8.59322e-06	0.0224142	-0.0127713	0	0.0655997	0.0837261	0
34	9	-0.0781392	0.0224428	-0.078071	0	-0.144841	0.0837261	0.000260477
34	6	-0.0454636	0.0224307	0.0126629	0	-0.0895397	0.0837261	7.04308e-05
34	2	0.0691094	0.0224432	0.10196	0	0.104115	0.0837261	2.00571e-05
34	8	-0.0382369	0.0224256	-0.0661787	0	0.0604821	0.0837261	0.0261471
34	15	0.0480447	0.0224253	0.08811	0	-0.111281	0.0837261	0.00179497
34	14	0.0498743	0.0224239	0.0429863	0	0.0391567	0.0837261	0.197758
35	-1	-8.59322e-06	0.0224142	-0.0317684	0	-0.0329961	0.0447416	0
35	9	-0.0781392	0.0224428	-0.0987838	0	-0.141191	0.0447416	0.000260477
35	6	-0.0454636	0.0224307	-0.0166156	0	-0.0235859	0.0447416	7.04308e-05
35	2	0.0691094	0.0224432	0.0919375	0	0.104481	0.0447416	2.00571e-05
35	8	-0.0382369	0.0224256	-0.12507	0	-0.130171	0.0447416	0.0261471
35	15	0.0480447	0.0224253	0.0584462	0	0.0272293	0.0447416	0.314633
35	14	0.0498743	0.0224239	0.060988	0	0.156245	0.0447416	0.197758
36	-1	-8.59322e-06	0.0224142	-0.0201953	0	0.0197662	0.0514653	0
36	9	-0.0781392	0.0224428	-0.087376	0	-0.16061	0.0514653	0.000260477
36	6	-0.0454636	0.0224307	0.00173804	0	-0.0626323	0.0514653	7.04308e-05
36	2	0.0691094	0.0224432	0.0543504	0	0.0335952	0.0514653	2.00571e-05
36	8	-0.0382369	0.0224256	-0.0489114	0	-0.0577333	0.0514653	0.0261471
36	15	0.0480447	0.0224253	0.028439	0	0.0307305	0.0514653	0.314633
36	14	0.0498743	0.0224239	0.00778868	0	-0.00498397	0.0514653	0.197758
37	-1	-8.59322e-06	0.0224142	-0.0195711	0	-0.0998017	0.0676594	0
37	9	-0.0781392	0.0224428	-0.10324	0	-0.00642457	0.0676594	0.000260477
37	6	-0.0454636	0.0224307	0.00694458	0	-0.0545395	0.0676594	0.0268801
37	2	0.0691094	0.0224432	0.163009	0	0.175375	0.0676594	2.00571e-05
37	8	-0.0382369	0.0224256	-0.124351	0	-0.0917633	0.0676594	0.0261471
37	15	0.0480447	0.0224253	0.0414875	0	0.0714769	0.0676594	0.314633
37	14	0.0498743	0.0224239	0.0822858	0	0.128348	0.0676594	0.197758
38	-1	-5.5592e-07	0.0224093	0.00380935	0	-0.232592	0.096972	0
38	9	-0.0782905	0.0224383	-0.0855274	0	-0.361739	0.096972	0.000260477
38	3	0.016761	0.0224163	0.0741952	0	0.077527	0.096972	0.0620885
38	2	0.0690873	0.0224402	0.108504	0	0.284799	0.096972	2.00571e-05
38	8	-0.0384433	0.0224208	-0.0621418	0	0.0472555	0.096972	0.0261471
38	15	0.047986	0.0224201	0.0330705	0	0.216401	0.096972	0.314633
38	14	0.0494363	0.0224181	0.0649339	0	0.0272548	0.096972	0.197758
39	-1	-5.5592e-07	0.0224093	0.010124	0	0.0187653	0.0407056	0
39	9	-0.0782905	0.0224383	-0.0624953	0	-0.0524855	0.0407056	0.439527
39	3	0.016761	0.0224163	0.0293466	0	0.0677884	0.0407056	0.0620885
39	2	0.0690873	0.0224402	0.0409585	0	0.0382424	0.0407056	2.00571e-05
39	8	-0.0384433	0.0224208	-0.0416474	0	-0.0874522	0.0407056	0.0261471
39	15	0.047986	0.0224201	0.0790008	0	0.116893	0.0407056	0.314633
39	14	0.0494363	0.0224181	0.0599995	0	0.033402	0.0407056	0.197758
40	-1	-1.10979e-05	0.0224142	0.00351395	0	-0.0515376	0.0498028	0
40	9	-0.0782082	0.0224424	-0.0863689	0	-0.118525	0.0498028	0.439527
40	12	-0.0451722	0.0224346	-0.032182	0	-0.0490858	0.0498028	0.00837091
40	2	0.069558	0.0224423	0.0433791	0	-0.00478283	0.0498028	2.00571e-05
40	8	-0.0384743	0.0224254	-0.0225907	0	-0.0606749	0.0498028	0.0261471
40	15	0.0472038	0.022427	0.00640241	0	-0.0338415	0.0498028	0.314633
40	14	0.0483574	0.0224288	0.0238849	0	-0.00803641	0.0498028	0.197758
41	-1	-1.10979e-05	0.0224142	-0.00423743	0	-0.0884794	0.104729	0
41	9	-0.0782082	0.0224424	-0.105054	0	-0.0279786	0.104729	0.000125533
41	12	-0.0451722	0.0224346	-0.046237	0	0.0207626	0.104729	0.00837091
41	2	0.069558	0.0224423	0.130531	0	0.337922	0.104729	2.00571e-05
41	8	-0.0384743	0.0224254	-0.0824647	0	0.0653544	0.104729	0.0261471
41	15	0.0472038	0.022427	0.000737942	0	0.105433	0.104729	0.314633
41	14	0.0483574	0.0224288	0.0667754	0	0.0879548	0.104729	0.197758
42	-1	-1.10979e-05	0.0224142	0.00740143	0	-0.0260028	0.0502821	0
42	9	-0.0782082	0.0224424	-0.120275	0	-0.0159393	0.0502821	0.000125533
42	12	-0.0451722	0.0224346	-0.0467155	0	-0.0480085	0.0502821	0.00837091
42	2	0.069558	0.0224423	0.131343	0	0.166841	0.0502821	2.00571e-05
42	8	-0.0384743	0.0224254	-0.0886353	0	-0.144164	0.0502821	0.0261471
42	15	0.0472038	0.022427	0.0158822	0	0.0854426	0.0502821	0.314633
42	14	0.0483574	0.0224288	0.0936498	0	0.0531881	0.0502821	0.197758
43	-1	-1.10979e-05	0.0224142	-0.010314	0	-0.0575094	0.0498807	0
43	9	-0.0782082	0.0224424	-0.127764	0	-0.0892235	0.0498807	0.000125533
43	12	-0.0451722	0.0224346	-0.0371456	0	-0.0649298	0.0498807	0.00837091
43	2	0.069558	0.0224423	0.0877454	0	0.107497	0.0498807	2.00571e-05
43	8	-0.0384743	0.0224254	-0.0778184	0	-0.142908	0.0498807	0.0261471
43	15	0.0472038	0.022427	0.0275227	0	0.103965	0.0498807	0.314633
43	14	0.0483574	0.0224288	0.0510669	0	0.0806159	0.0498807	0.197758
44	-1	-1.10979e-05	0.0224142	0.0258979	0	0.0541026	0.0946742	0
44	9	-0.0782082	0.0224424	-0.0691337	0	-0.0906139	0.0946742	0.000125533
44	12	-0.0451722	0.0224346	0.00572967	0	0.00236569	0.0946742	0.00837091
44	2	0.069558	0.0224423	0.124054	0	-0.0405889	0.0946742	2.00571e-05
44	8	-0.0384743	0.0224254	-0.0213889	0	-0.0877022	0.0946742	0.0261471
44	15	0.0472038	0.022427	0.0550876	0	0.00539887	0.0946742	0.314633
44	14	0.0483574	0.0224288	0.0689399	0	0.0898977	0.0946742	0.197758
45	-1	-1.10979e-05	0.0224142	0.0189079	0	-0.0371516	0.0746969	0
45	9	-0.0782082	0.0224424	-0.0915595	0	-0.0979762	0.0746969	0.000125533
45	12	-0.0451722	0.0224346	-0.0200293	0	-0.0519049	0.0746969	0.00837091
45	2	0.069558	0.0224423	0.115482	0	0.037556	0.0746969	2.00571e-05
45	8	-0.0384743	0.0224254	-0.0920472	0	-0.121181	0.0746969	0.0261471
45	15	0.0472038	0.022427	0.0463993	0	0.0575802	0.0746969	0.314633
45	14	0.0483574	0.0224288	0.120958	0	0.0228423	0.0746969	0.197758
46	-1	-1.10979e-05	0.0224142	0.0145234	0	0.0341431	0.0373093	0
46	9	-0.0782082	0.0224424	-0.0792867	0	-0.116324	0.0373093	0.000125533
46	12	-0.0451722	0.0224346	-0.0121544	0	0.0378608	0.0373093	0.00837091
46	2	0.069558	0.0224423	0.104872	0	0.107497	0.0373093	0.446149
46	8	-0.0384743	0.0224254	-0.0416737	0	-0.084289	0.0373093	0.0261471
46	15	0.0472038	0.022427	0.0364315	0	0.0477341	0.0373093	0.314633
46	14	0.0483574	0.0224288	0.0653879	0	0.0941169	0.0373093	0.197758
47	-1	2.75429e-06	0.0224116	0.038012	0	0.0819545	0.0600987	0
47	9	-0.0783412	0.0224402	-0.063685	0	0.0296713	0.0600987	0.000125533
47	10	0.0332317	0.0224205	0.0127044	0	-0.0977505	0.0600987	0.106088
47	2	0.069538	0.0224399	0.0867825	0	0.106112	0.0600987	0.446149
47	8	-0.0387423	0.0224223	-0.0241537	0	0.0956752	0.0600987	0.0261471
47	15	0.0479203	0.0224217	0.0681571	0	0.0480726	0.0600987	0.314633
47	14	0.0489705	0.0224222	0.0937373	0	0.144567	0.0600987	0.197758
48	-1	2.75429e-06	0.0224116	0.0141061	0	-0.0684368	0.0826181	0
48	9	-0.0783412	0.0224402	-0.0669504	0	-0.240205	0.0826181	0.00596298
48	10	0.0332317	0.0224205	-0.00598905	0	-0.0539572	0.0826181	0.106088
48	2	0.069538	0.0224399	0.0583048	0	0.0698585	0.0826181	0.446149
48	8	-0.0387423	0.0224223	-0.0351992	0	0.0509439	0.0826181	0.0261471
48	15	0.0479203	0.0224217	0.0423171	0	0.0997843	0.0826181	0.314633
48	14	0.0489705	0.0224222	0.0586857	0	0.0710192	0.0826181	0.197758
49	-1	3.54332e-06	0.0224118	0.0247118	0	0.061729	0.0382824	0
49	9	-0.0784966	0.0224435	-0.0916789	0	-0.0732688	0.0382824	0.00596298
49	10	0.0331842	0.0224212	0.00823673	0	-0.0624577	0.0382824	0.106088
49	2	0.0694167	0.0224417	0.110046	0	0.0740268	0.0382824	0.446149
49	8	-0.0389654	0.0224287	-0.0182341	0	-0.0260501	0.0382824	0.0261471
49	15	0.0478271	0.0224232	0.0228704	0	-0.0126698	0.0382824	0.314633
49	14	0.0490842	0.0224241	0.0600382	0	0.0661117	0.0382824	0.197758
49	5	0.00951394	0.0224281	0.0148012	0	0.00696395	0.0382824	0.245463
50	-1	3.54332e-06	0.0224118	0.018275	0	0.0656204	0.0347144	0
50	9	-0.0784966	0.0224435	-0.087416	0	-0.0766423	0.0347144	0.976946
50	10	0.0331842	0.0224212	0.00643944	0	-0.0231911	0.0347144	0.106088
50	2	0.0694167	0.0224417	0.0547522	0	0.0633887	0.0347144	0.446149
50	8	-0.0389654	0.0224287	-0.0171593	0	-0.0411587	0.0347144	0.0261471
50	15	0.0478271	0.0224232	0.0405439	0	0.0258775	0.0347144	0.314633
50	14	0.0490842	0.0224241	0.0477598	0	0.0231258	0.0347144	0.197758
50	5	0.00951394	0.0224281	0.00799277	0	-0.0088852	0.0347144	0.245463
51	-1	3.54332e-06	0.0224118	0.0322191	0	0.0672546	0.0610868	0
51	9	-0.0784966	0.0224435	-0.0747456	0	0.0396591	0.0610868	0.976946
51	10	0.0331842	0.0224212	0.0070806	0	0.0625689	0.0610868	0.106088
51	2	0.0694167	0.0224417	0.11703	0	-0.0244706	0.0610868	0.446149
51	8	-0.0389654	0.0224287	-0.0278556	0	0.00294079	0.0610868	0.0261471
51	15	0.0478271	0.0224232	0.0443365	0	0.159137	0.0610868	0.314633
51	14	0.0490842	0.0224241	0.0851914	0	0.0907509	0.0610868	0.197758
51	5	0.00951394	0.0224281	0.0228334	0	0.0701837	0.0610868	0.000646314
52	-1	3.54332e-06	0.0224118	0.028774	0	0.0110438	0.0542675	0
52	9	-0.0784966	0.0224435	-0.0764732	0	-0.100484	0.0542675	0.976946
52	10	0.0331842	0.0224212	0.0111106	0	0.0357373	0.0542675	0.106088
52	2	0.0694167	0.0224417	0.0780284	0	0.131603	0.0542675	0.24836
52	8	-0.0389654	0.0224287	-0.018486	0	-0.0386206	0.0542675	0.0261471
52	15	0.0478271	0.0224232	0.0665954	0	0.134586	0.0542675	0.314633
52	14	0.0490842	0.0224241	0.0707587	0	0.0671738	0.0542675	0.197758
52	5	0.00951394	0.0224281	0.0179361	0	0.00409197	0.0542675	0.000646314
53	-1	3.54332e-06	0.0224118	0.0330258	0	0.0504636	0.0659825	0
53	9	-0.0784966	0.0224435	-0.0700605	0	-0.0504403	0.0659825	0.976946
53	10	0.0331842	0.0224212	0.0297785	0	0.148202	0.0659825	0.106088
53	2	0.0694167	0.0224417	0.0509947	0	-0.109542	0.0659825	0.24836
53	8	-0.0389654	0.0224287	0.0134382	0	0.041191	0.0659825	0.0261471
53	15	0.0478271	0.0224232	0.0844021	0	0.088066	0.0659825	0.314633
53	14	0.0490842	0.0224241	0.0492991	0	0.0210347	0.0659825	0.197758
53	5	0.00951394	0.0224281	0.0210737	0	0.0522513	0.0659825	0.000646314
54	-1	3.54332e-06	0.0224118	0.035808	0	-0.0378439	0.038789	0
54	9	-0.0784966	0.0224435	-0.083972	0	-0.136663	0.038789	0.976946
54	10	0.0331842	0.0224212	0.0272311	0	0.0726158	0.038789	0.106088
54	2	0.0694167	0.0224417	0.0839734	0	0.0999026	0.038789	0.24836
54	8	-0.0389654	0.0224287	0.00680195	0	0.0645639	0.038789	0.0261471
54	15	0.0478271	0.0224232	0.0352522	0	0.0392419	0.038789	0.00628148
54	14	0.0490842	0.0224241	0.0570995	0	0.125143	0.038789	0.197758
54	5	0.00951394	0.0224281	0.0252753	0	-0.00673221	0.038789	0.000646314
55	-1	3.54332e-06	0.0224118	0.0227362	0	0.00846362	0.0611103	0
55	9	-0.0784966	0.0224435	-0.0945385	0	-0.0745002	0.0611103	0.976946
55	10	0.0331842	0.0224212	0.00378192	0	-0.0142033	0.0611103	0.106088
55	2	0.0694167	0.0224417	0.0705965	0	0.0406602	0.0611103	0.0111461
55	8	-0.0389654	0.0224287	-0.0282808	0	0.0271599	0.0611103	0.0261471
55	15	0.0478271	0.0224232	0.0520497	0	0.147123	0.0611103	0.00628148
55	14	0.0490842	0.0224241	0.066954	0	0.0571505	0.0611103	0.197758
55	5	0.00951394	0.0224281	0.0113358	0	-0.00468098	0.0611103	0.000646314
56	-1	-0.000110644	0.0224239	0.0212059	0	-0.0107352	0.0915394	0
56	9	-0.0787738	0.0224584	-0.047796	0	-0.0548248	0.0915394	0.976946
56	10	0.0328443	0.0224331	0.0220414	0	0.168915	0.0915394	0.106088
56	2	0.0689056	0.022455	-0.0133256	0	-0.10259	0.0915394	0.0111461
56	8	-0.0390591	0.022442	0.013073	0	-0.112069	0.0915394	0.0261471
56	15	0.0478562	0.022435	0.0291612	0	-0.0136722	0.0915394	0.00628148
56	14	0.0489068	0.0224392	0.0246461	0	-0.0222416	0.0915394	0.197758
56	5	0.010727	0.0224443	0.0146417	0	-0.0539054	0.0915394	0.000646314
56	6	-0.0462086	0.0224349	0.0234173	0.0472613	0.0106114	0.0754424	0.00373199
56	6 9	0.0472613	0.0224125	-0.00936892	-0.0462086	-0.132043	0.0754424	0.0593981
57	-1	-0.000110644	0.0224239	0.0121632	0	0.114792	0.0676169	0
57	9	-0.0787738	0.0224584	-0.0369119	0	-0.0310144	0.0676169	0.976946
57	10	0.0328443	0.0224331	0.0231153	0	-0.0333431	0.0676169	0.106088
57	2	0.0689056	0.022455	0.0376889	0	0.00729774	0.0676169	0.0111461
57	8	-0.0390591	0.022442	0.0262582	0	0.0516203	0.0676169	0.0261471
57	15	0.0478562	0.022435	0.111693	0	0.109066	0.0676169	0.00628148
57	14	0.0489068	0.0224392	0.00324896	0	0.102052	0.0676169	0.197758
57	5	0.010727	0.0224443	0.0017938	0	-0.0120658	0.0676169	0.000646314
57	6	-0.0462086	0.0224349	0.0351774	0.0472613	-0.0411502	0.0562037	0.00373199
57	6 9	0.0472613	0.0224125	0.00224311	-0.0462086	-0.0485226	0.0562037	0.0593981
58	-1	-0.000110644	0.0224239	-0.00674622	0	-0.157217	0.135528	0
58	9	-0.0787738	0.0224584	-0.0779637	0	-0.0362557	0.135528	0.976946
58	10	0.0328443	0.0224331	-0.0583549	0	-0.0995455	0.135528	0.106088
58	2	0.0689056	0.022455	0.0980429	0	0.0585388	0.135528	0.0111461
58	8	-0.0390591	0.022442	-0.119635	0	-0.188311	0.135528	0.0261471
58	15	0.0478562	0.022435	0.108146	0	0.128297	0.135528	0.00628148
58	14	0.0489068	0.0224392	0.105518	0	0.343153	0.135528	0.00388838
58	5	0.010727	0.0224443	-0.0171937	0	0.0515229	0.135528	0.000646314
58	6	-0.0462086	0.0224349	3.11527e-05	0.0472613	0.284399	0.116793	0.123846
58	6 9	0.0472613	0.0224125	-0.0439342	-0.0462086	-0.109032	0.116793	0.0593981
59	-1	-0.000110644	0.0224239	-0.000686803	0	0.143197	0.0762564	0
59	9	-0.0787738	0.0224584	-0.0541119	0	-0.172987	0.0762564	0.976946
59	10	0.0328443	0.0224331	-0.0257911	0	-0.0689072	0.0762564	0.106088
59	2	0.0689056	0.022455	0.0250722	0	-0.102877	0.0762564	0.0111461
59	8	-0.0390591	0.022442	-0.0612353	0	0.0208587	0.0762564	0.0261471
59	15	0.0478562	0.022435	0.116137	0	0.0452364	0.0762564	0.00628148
59	14	0.0489068	0.0224392	0.0617347	0	-0.0508581	0.0762564	0.00388838
59	5	0.010727	0.0224443	-0.0106293	0	0.021967	0.0762564	0.000646314
59	6	-0.0462086	0.0224349	0.0012178	0.0472613	0.0371628	0.0628957	0.123846
59	6 9	0.0472613	0.0224125	-0.0315485	-0.0462086	-0.0602474	0.0628957	0.0593981
60	-1	-0.000110644	0.0224239	0.0358324	0	-0.0319149	0.0723473	0
60	9	-0.0787738	0.0224584	0.0159791	0	0.0589417	0.0723473	0.00184585
60	10	0.0328443	0.0224331	0.0468442	0	0.0264434	0.0723473	0.106088
60	2	0.0689056	0.022455	0.0426264	0	0.0734991	0.0723473	0.0111461
60	8	-0.0390591	0.022442	0.0545013	0	0.0962954	0.0723473	0.0261471
60	15	0.0478562	0.022435	0.0836216	0	0.0445028	0.0723473	0.0212053
60	14	0.0489068	0.0224392	0.0204294	0	0.13029	0.0723473	0.00388838
60	5	0.010727	0.0224443	0.0309295	0	-0.0281267	0.0723473	0.000646314
60	6	-0.0462086	0.0224349	0.0486234	0.0472613	0.142878	0.0619906	0.123846
60	6 9	0.0472613	0.0224125	0.0344616	-0.0462086	-0.0762856	0.0619906	0.0593981
61	-1	-0.000110644	0.0224239	0.0160572	0	0.0592822	0.0585364	0
61	9	-0.0787738	0.0224584	-0.0813378	0	-0.156446	0.0585364	0.00184585
61	10	0.0328443	0.0224331	-0.0134513	0	-0.0104035	0.0585364	0.106088
61	2	0.0689056	0.022455	0.0932966	0	0.154184	0.0585364	0.0111461
61	8	-0.0390591	0.022442	-0.0543365	0	-0.180792	0.0585364	0.0261471
61	15	0.0478562	0.022435	0.0852306	0	0.0658135	0.0585364	0.0212053
61	14	0.0489068	0.0224392	0.0830295	0	0.0795384	0.0585364	0.00388838
61	5	0.010727	0.0224443	0.00472328	0	0.0783067	0.0585364	0.000646314
61	6	-0.0462086	0.0224349	0.0321282	0.0472613	0.112356	0.0475518	0.123846
61	6 9	0.0472613	0.0224125	-0.0225402	-0.0462086	-0.0770766	0.0475518	0.0593981
62	-1	-0.000110644	0.0224239	0.0255905	0	0.0875995	0.0663637	0
62	9	-0.0787738	0.0224584	-0.0341061	0	-0.0270654	0.0663637	0.00184585
62	10	0.0328443	0.0224331	0.0345364	0	-0.0674265	0.0663637	0.106088
62	2	0.0689056	0.022455	-0.00867532	0	-0.096754	0.0663637	0.0111461
62	8	-0.0390591	0.022442	0.0330446	0	0.075172	0.0663637	0.0261471
62	15	0.0478562	0.022435	0.0871027	0	0.0615229	0.0663637	0.0212053
62	14	0.0489068	0.0224392	0.0185024	0	-0.0257237	0.0663637	0.00388838
62	5	0.010727	0.0224443	0.016609	0	0.0237247	0.0663637	0.000646314
62	6	-0.0462086	0.0224349	0.0333368	0.0472613	0.183975	0.0557068	0.123846
62	6 9	0.0472613	0.0224125	0.00125922	-0.0462086	-0.0662744	0.0557068	0.0593981
63	-1	-1.74816e-05	0.0224233	0.0175692	0	0.0629441	0.0932126	0
63	9	-0.0783652	0.0224546	-0.0210756	0	-0.0403376	0.0932126	0.00184585
63	10	0.0327014	0.0224332	-0.0192178	0	0.0100543	0.0932126	0.106088
63	2	0.0693859	0.0224536	0.0340158	0	0.0383984	0.0932126	0.0111461
63	8	-0.0385863	0.0224411	-0.0616116	0	0.0363564	0.0932126	0.0261471
63	15	0.0472487	0.0224374	0.0310413	0	0.0971998	0.0932126	0.0212053
63	14	0.0484942	0.0224422	0.0912494	0	0.102791	0.0932126	0.00388838
63	5	0.0102327	0.0224413	0.015084	0	-0.105128	0.0932126	0.000646314
63	6	-0.0458072	0.0224428	0.00456081	0	-0.14623	0.0932126	0.0724058
63	12	-0.0453195	0.0224454	-0.00180013	0	-0.0351187	0.0932126	0.0110906
64	-1	-9.81436e-06	0.0224185	0.0270703	0	0.0483936	0.0569338	0
64	9	-0.0782367	0.0224511	-0.0766734	0	-0.126515	0.0569338	0.00184585
64	10	0.032974	0.0224279	0.024255	0	-0.0896715	0.0569338	0.106088
64	2	0.069627	0.0224482	0.0626878	0	-0.0134277	0.0569338	0.0111461
64	8	-0.038558	0.0224389	0.0119512	0	0.0805886	0.0569338	0.0261471
64	15	0.0473605	0.022434	0.00329029	0	0.0319808	0.0569338	0.0212053
64	14	0.0482858	0.0224387	0.034371	0	0.0387917	0.0569338	0.00388838
64	5	0.00934625	0.0224356	0.0189921	0	0.0474534	0.0569338	0.000646314
64	11	-0.0196051	0.0224318	-0.026451	0	0.103211	0.0569338	0.00447908
64	12	-0.0450778	0.0224396	-0.0303321	0	-0.00810306	0.0569338	0.0110906
65	-1	-9.81436e-06	0.0224185	0.028012	0	-0.0440893	0.0646827	0
65	9	-0.0782367	0.0224511	-0.0929035	0	-0.0165669	0.0646827	0.00184585
65	10	0.032974	0.0224279	0.0162714	0	0.0565473	0.0646827	0.106088
65	2	0.069627	0.0224482	0.0875809	0	0.0824999	0.0646827	0.00779739
65	8	-0.038558	0.0224389	-0.00684816	0	0.1375	0.0646827	0.0261471
65	15	0.0473605	0.022434	0.0222453	0	-0.0178632	0.0646827	0.0212053
65	14	0.0482858	0.0224387	0.0546438	0	0.0970394	0.0646827	0.00388838
65	5	0.00934625	0.0224356	0.0177673	0	0.143617	0.0646827	0.000646314
65	11	-0.0196051	0.0224318	-0.0482371	0	-0.0483618	0.0646827	0.00447908
65	12	-0.0450778	0.0224396	-0.0260834	0	-0.0376623	0.0646827	0.0110906
66	-1	-9.81436e-06	0.0224185	0.0156759	0	0.00639988	0.0461776	0
66	9	-0.0782367	0.0224511	-0.0526418	0	0.00162079	0.0461776	0.00184585
66	10	0.032974	0.0224279	0.0225282	0	-0.041836	0.0461776	0.106088
66	2	0.069627	0.0224482	0.0114713	0	-0.0121929	0.0461776	0.00779739
66	8	-0.038558	0.0224389	0.0221699	0	-0.0410127	0.0461776	0.0261471
66	15	0.0473605	0.022434	0.000434226	0	0.0295906	0.0461776	0.00788419
66	14	0.0482858	0.0224387	0.0044184	0	-0.0439366	0.0461776	0.00388838
66	5	0.00934625	0.0224356	0.0100127	0	-0.0567973	0.0461776	0.000646314
66	11	-0.0196051	0.0224318	-0.0210238	0	-0.00105353	0.0461776	0.00447908
66	12	-0.0450778	0.0224396	-0.0206281	0	0.0615633	0.0461776	0.0110906
67	-1	-9.81436e-06	0.0224185	0.0178244	0	0.0917245	0.0419531	0
67	9	-0.0782367	0.0224511	-0.0936979	0	-0.131683	0.0419531	0.00184585
67	10	0.032974	0.0224279	-0.0228819	0	0.0058345	0.0419531	0.106088
67	2	0.069627	0.0224482	0.100855	0	0.111684	0.0419531	0.00779739
67	8	-0.038558	0.0224389	-0.0749324	0	-0.115265	0.0419531	0.0261471
67	15	0.0473605	0.022434	0.0389566	0	-0.000912832	0.0419531	0.00788419
67	14	0.0482858	0.0224387	0.101933	0	0.145735	0.0419531	0.00388838
67	5	0.00934625	0.0224356	0.00830542	0	0.0178993	0.0419531	0.000646314
67	11	-0.0196051	0.0224318	-0.0644614	0	-0.118864	0.0419531	0.00447908
67	12	-0.0450778	0.0224396	-0.0233906	0	0.00351234	0.0419531	0.0110906
68	-1	-9.81436e-06	0.0224185	0.0437704	0	0.0595272	0.0580086	0
68	9	-0.0782367	0.0224511	-0.0834384	0	-0.111933	0.0580086	0.00184585
68	10	0.032974	0.0224279	0.0321919	0	0.125042	0.0580086	0.106088
68	2	0.069627	0.0224482	0.0569473	0	0.0146291	0.0580086	0.00779739
68	8	-0.038558	0.0224389	0.00620509	0	0.000322481	0.0580086	0.0261471
68	15	0.0473605	0.022434	0.0423061	0	0.042519	0.0580086	0.00788419
68	14	0.0482858	0.0224387	0.0719116	0	0.132525	0.0580086	0.00388838
68	5	0.00934625	0.0224356	0.0328881	0	0.0282342	0.0580086	0.000646314
68	11	-0.0196051	0.0224318	-0.0379874	0	-0.0532203	0.0580086	0.00447908
68	12	-0.0450778	0.0224396	-0.0133162	0	-0.0821884	0.0580086	0.0110906
69	-1	-9.81436e-06	0.0224185	0.0194552	0	0.00143299	0.062565	0
69	9	-0.0782367	0.0224511	-0.0799013	0	-0.0727358	0.062565	0.00184585
69	10	0.032974	0.0224279	0.0098804	0	0.00484804	0.062565	0.106088
69	2	0.069627	0.0224482	0.0557112	0	-0.0274595	0.062565	0.00779739
69	8	-0.038558	0.0224389	-0.00848673	0	-0.00158024	0.062565	0.0261471
69	15	0.0473605	0.022434	-0.0154642	0	0.0768518	0.062565	0.00788419
69	14	0.0482858	0.0224387	0.0383697	0	0.0701665	0.062565	0.00388838
69	5	0.00934625	0.0224356	0.0126929	0	0.0784295	0.062565	0.000646314
69	11	-0.0196051	0.0224318	-0.0216558	0	-0.0437805	0.062565	0.00447908
69	12	-0.0450778	0.0224396	-0.0459755	0	-0.0293636	0.062565	0.0110906
70	-1	-4.02692e-06	0.0224188	0.00948628	0	-0.0911855	0.123839	0
70	9	-0.0781633	0.0224517	-0.0292625	0	-0.111286	0.123839	0.00184585
70	10	0.0330645	0.0224284	0.00788029	0	0.0110335	0.123839	0.106088
70	2	0.0691707	0.0224497	0.0847026	0	-0.0622251	0.123839	0.00779739
70	8	-0.0383145	0.0224393	0.00687434	0	0.100062	0.123839	0.0261471
70	15	0.048212	0.0224326	-0.0336575	0	0.144556	0.123839	0.00788419
70	14	0.0498271	0.0224343	0.00831817	0	-0.143318	0.123839	0.00388838
70	5	0.00994321	0.0224385	0.00810353	0	-0.0630558	0.123839	0.000646314
70	11	-0.0206963	0.0224413	0.0112282	0	-0.103819	0.123839	0.00447908
70	6	-0.0460636	0.0224467	0.030467	0	0.333159	0.123839	0.52567
71	-1	-8.38337e-06	0.022413	0.0102143	0	0.0564785	0.0371079	0
71	9	-0.0790177	0.022444	-0.0806754	0	-0.0507987	0.0371079	0.00184585
71	10	0.0327513	0.0224254	-0.0123205	0	-0.00174687	0.0371079	0.106088
71	2	0.0685573	0.0224458	0.0687817	0	-0.0515748	0.0371079	0.00779739
71	8	-0.0380824	0.0224332	-0.0400309	0	-0.0558708	0.0371079	0.0261471
71	3	0.0160637	0.0224239	0.0535688	0	0.0337388	0.0371079	0.111613
71	14	0.0498627	0.0224291	0.0473637	0	0.0789312	0.0371079	0.00388838
71	5	0.0104442	0.0224323	0.00773768	0	-0.0314367	0.0371079	0.000646314
71	11	-0.0201252	0.0224344	0.0160987	0	0.0635749	0.0371079	0.00447908
71	6	-0.0459355	0.0224419	0.0200141	0	0.0821358	0.0371079	0.52567
72	-1	2.95547e-06	0.0224136	0.0364452	0	0.0616064	0.054392	0
72	9	-0.0783187	0.022447	-0.0506912	0	-0.0532445	0.054392	0.00184585
72	10	0.0329641	0.0224262	0.037217	0	0.0295351	0.054392	0.106088
72	2	0.0691665	0.0224463	0.0531676	0	-0.0150869	0.054392	0.00779739
72	8	-0.0385333	0.0224341	0.0288546	0	0.0662955	0.054392	0.0261471
72	3	0.0162106	0.0224242	0.0561155	0	0.118825	0.054392	0.111613
72	14	0.0493576	0.0224281	0.0386888	0	0.0287514	0.054392	0.00388838
72	5	0.00931527	0.0224314	0.0286044	0	-0.0875966	0.054392	0.000646314
72	11	-0.019398	0.0224265	-0.0212406	0	-0.0557836	0.054392	0.00447908
72	15	0.0481373	0.0224271	0.0342745	0	0.0269546	0.054392	0.074101
73	-1	2.95547e-06	0.0224136	0.00892769	0	0.0388859	0.0529604	0
73	9	-0.0783187	0.022447	-0.101809	0	-0.11772	0.0529604	0.00184585
73	10	0.0329641	0.0224262	-0.0262038	0	-0.0765858	0.0529604	0.106088
73	2	0.0691665	0.0224463	0.0744185	0	0.136251	0.0529604	0.00779739
73	8	-0.0385333	0.0224341	-0.0736927	0	-0.117858	0.0529604	0.0793215
73	3	0.0162106	0.0224242	0.0516068	0	0.0683148	0.0529604	0.111613
73	14	0.0493576	0.0224281	0.0840589	0	-0.100908	0.0529604	0.00388838
73	5	0.00931527	0.0224314	-0.00144019	0	-0.0113131	0.0529604	0.000646314
73	11	-0.019398	0.0224265	-0.0829052	0	-0.0501626	0.0529604	0.00447908
73	15	0.0481373	0.0224271	0.0434058	0	-0.0232022	0.0529604	0.074101
74	-1	2.95547e-06	0.0224136	0.0246913	0	-0.0170177	0.0450291	0
74	9	-0.0783187	0.022447	-0.0406219	0	-0.0369632	0.0450291	0.00184585
74	10	0.0329641	0.0224262	0.0134672	0	-0.0395985	0.0450291	0.106088
74	2	0.0691665	0.0224463	0.0319068	0	-0.000867936	0.0450291	0.00779739
74	8	-0.0385333	0.0224341	-0.00552841	0	-0.057175	0.0450291	0.0793215
74	3	0.0162106	0.0224242	0.0315305	0	0.0728771	0.0450291	0.111613
74	14	0.0493576	0.0224281	0.0498052	0	0.02541	0.0450291	0.00388838
74	5	0.00931527	0.0224314	0.0190871	0	-0.00316948	0.0450291	0.000646314
74	11	-0.019398	0.0224265	-0.0195006	0	-0.077883	0.0450291	0.00447908
74	15	0.0481373	0.0224271	0.0290029	0	-0.0330975	0.0450291	0.074101
75	-1	2.95547e-06	0.0224136	0.0180196	0	-0.020302	0.0457708	0
75	9	-0.0783187	0.022447	-0.0709992	0	-0.0583684	0.0457708	0.00184585
75	10	0.0329641	0.0224262	0.0145473	0	-0.0346972	0.0457708	0.106088
75	2	0.0691665	0.0224463	0.0254624	0	0.0113563	0.0457708	0.00779739
75	8	-0.0385333	0.0224341	0.000366753	0	-0.115144	0.0457708	0.0793215
75	3	0.0162106	0.0224242	0.0294362	0	0.0644643	0.0457708	0.111613
75	14	0.0493576	0.0224281	0.0308182	0	-0.00979421	0.0457708	0.00388838
75	5	0.00931527	0.0224314	0.00916856	0	-0.0117325	0.0457708	0.000646314
75	11	-0.019398	0.0224265	-0.053603	0	-0.123948	0.0457708	0.00447908
75	15	0.0481373	0.0224271	0.0360388	0	-0.00620816	0.0457708	0.074101
76	-1	2.95547e-06	0.0224136	0.0123577	0	0.0353392	0.0518844	0
76	9	-0.0783187	0.022447	-0.0583343	0	-0.096861	0.0518844	0.00184585
76	10	0.0329641	0.0224262	-0.0152021	0	0.0918838	0.0518844	0.106088
76	2	0.0691665	0.0224463	0.102956	0	0.166253	0.0518844	0.214429
76	8	-0.0385333	0.0224341	-0.0491106	0	-0.128204	0.0518844	0.0793215
76	3	0.0162106	0.0224242	0.0716373	0	0.0584822	0.0518844	0.111613
76	14	0.0493576	0.0224281	0.0704986	0	0.0333657	0.0518844	0.00388838
76	5	0.00931527	0.0224314	0.00507303	0	-0.0180162	0.0518844	0.000646314
76	11	-0.019398	0.0224265	-0.0564496	0	-0.0114382	0.0518844	0.00447908
76	15	0.0481373	0.0224271	0.0481691	0	0.114052	0.0518844	0.074101
77	-1	6.90067e-06	0.022411	0.0315456	0	-0.00744722	0.0541141	0
77	9	-0.0779841	0.0224441	-0.0626273	0	-0.17061	0.0541141	0.00184585
77	10	0.0324471	0.022425	0.0293671	0	0.0505683	0.0541141	0.106088
77	2	0.0689284	0.0224425	0.0391787	0	0.0256196	0.0541141	0.214429
77	0	0.0235704	0.0224265	0.0351	0	0.026311	0.0541141	0.0247233
77	3	0.0165578	0.0224216	0.0439219	0	-0.00261899	0.0541141	0.111613
77	14	0.0498768	0.0224284	0.042416	0	-0.0639048	0.0541141	0.00388838
77	5	0.00861235	0.0224235	0.0220073	0	-0.00970944	0.0541141	0.000646314
77	11	-0.0196707	0.0224233	-0.0459442	0	-0.031871	0.0541141	0.00447908
77	15	0.0482323	0.022425	0.0525412	0	0.0479506	0.0541141	0.074101
78	-1	6.90067e-06	0.022411	0.0180103	0	0.0701316	0.0504011	0
78	9	-0.0779841	0.0224441	-0.0687039	0	-0.108687	0.0504011	0.00184585
78	10	0.0324471	0.022425	0.020541	0	-0.0118356	0.0504011	0.106088
78	2	0.0689284	0.0224425	0.0258568	0	0.0123331	0.0504011	0.214429
78	0	0.0235704	0.0224265	0.0203698	0	0.0136603	0.0504011	0.0247233
78	3	0.0165578	0.0224216	0.0318082	0	0.0310714	0.0504011	0.111613
78	14	0.0498768	0.0224284	0.0180697	0	0.0841161	0.0504011	0.0148106
78	5	0.00861235	0.0224235	0.00962921	0	0.104993	0.0504011	0.000646314
78	11	-0.0196707	0.0224233	-0.0463677	0	-0.0746775	0.0504011	0.00447908
78	15	0.0482323	0.022425	0.0256668	0	-0.000160949	0.0504011	0.074101
79	-1	6.90067e-06	0.022411	0.0222176	0	0.037376	0.0577425	0
79	9	-0.0779841	0.0224441	-0.0792957	0	-0.0528479	0.0577425	0.105183
79	10	0.0324471	0.022425	0.0163606	0	0.0590146	0.0577425	0.106088
79	2	0.0689284	0.0224425	0.0514468	0	-0.0218862	0.0577425	0.214429
79	0	0.0235704	0.0224265	0.0259337	0	0.0280895	0.0577425	0.0247233
79	3	0.0165578	0.0224216	0.0497854	0	-0.00426926	0.0577425	0.111613
79	14	0.0498768	0.0224284	0.0369351	0	0.00223905	0.0577425	0.0148106
79	5	0.00861235	0.0224235	0.0137185	0	-0.0322765	0.0577425	0.000646314
79	11	-0.0196707	0.0224233	-0.039149	0	-0.040893	0.0577425	0.00447908
79	15	0.0482323	0.022425	0.0132581	0	0.00678472	0.0577425	0.074101
80	-1	6.31738e-06	0.0224109	0.0105886	0	-0.0882496	0.0392381	0
80	9	-0.0777274	0.022445	-0.0534546	0	0.0423027	0.0392381	0.105183
80	10	0.032468	0.0224247	0.000181033	0	0.0289115	0.0392381	0.106088
80	2	0.06914	0.0224439	0.0347295	0	-0.00727335	0.0392381	0.214429
80	0	0.0234796	0.0224254	0.0157789	0	0.0281794	0.0392381	0.0247233
80	3	0.0165754	0.0224217	0.028386	0	-0.0406117	0.0392381	0.111613
80	14	0.0497265	0.0224272	0.038274	0	0.0899758	0.0392381	0.0148106
80	13	-0.00597	0.0224223	0.00962483	0	0.0175128	0.0392381	0.00828633
80	11	-0.0198112	0.0224225	-0.0646286	0	-0.0810298	0.0392381	0.00447908
80	15	0.0482675	0.0224243	0.0593218	0	0.0459903	0.0392381	0.074101
81	-1	-9.8322e-07	0.0224084	0.0270844	0	0.0156447	0.048926	0
81	9	-0.0787076	0.0224408	-0.053732	0	-0.00793886	0.048926	0.105183
81	10	0.0326832	0.0224222	0.00762324	0	0.0491602	0.048926	0.106088
81	2	0.0692003	0.0224422	0.0599246	0	0.118622	0.048926	0.214429
81	0	0.0225554	0.0224245	0.0314945	0	-0.0262198	0.048926	0.0247233
81	3	0.0160986	0.0224203	0.0510094	0	0.0968851	0.048926	0.111613
81	14	0.0495702	0.0224253	0.0654682	0	0.0927632	0.048926	0.0148106
81	13	-0.00617501	0.0224199	0.0224015	0	-0.0307792	0.048926	0.00828633
81	11	-0.0186167	0.0224227	-0.00776409	0	0.0582316	0.048926	0.00447908
81	8	-0.0378341	0.0224246	-0.0195133	0	-0.0262912	0.048926	0.0562646
82	-1	-9.8322e-07	0.0224084	-0.00666719	0	0.0439863	0.0648968	0
82	9	-0.0787076	0.0224408	-0.103704	0	-0.113983	0.0648968	0.105183
82	10	0.0326832	0.0224222	-0.030467	0	-0.087527	0.0648968	0.106088
82	2	0.0692003	0.0224422	0.0259549	0	-0.0101073	0.0648968	0.214429
82	0	0.0225554	0.0224245	1.97504e-05	0	0.023456	0.0648968	0.0247233
82	3	0.0160986	0.0224203	0.016122	0	-0.0721207	0.0648968	0.111613
82	14	0.0495702	0.0224253	0.044922	0	0.0603766	0.0648968	0.0148106
82	13	-0.00617501	0.0224199	-0.0111026	0	0.026898	0.0648968	0.00828633
82	11	-0.0186167	0.0224227	-0.078638	0	-0.109717	0.0648968	0.00447908
82	8	-0.0378341	0.0224246	-0.065468	0	-0.0532517	0.0648968	0.0562646
83	-1	-9.8322e-07	0.0224084	0.0120726	0	-0.101811	0.0837856	0
83	9	-0.0787076	0.0224408	-0.0683523	0	0.0365974	0.0837856	0.105183
83	10	0.0326832	0.0224222	-0.00541513	0	0.0596876	0.0837856	0.106088
83	2	0.0692003	0.0224422	0.0766789	0	0.0818593	0.0837856	0.214429
83	0	0.0225554	0.0224245	0.0160245	0	0.00172397	0.0837856	0.0247233
83	3	0.0160986	0.0224203	0.0595948	0	0.131912	0.0837856	0.111613
83	14	0.0495702	0.0224253	0.0426569	0	0.131557	0.0837856	0.0148106
83	13	-0.00617501	0.0224199	0.00708267	0	0.09587	0.0837856	0.00828633
83	11	-0.0186167	0.0224227	-0.00221051	0	0.00445209	0.0837856	0.00447908
83	8	-0.0378341	0.0224246	-0.0277929	0	-0.157166	0.0837856	0.0562646
84	-1	-9.8322e-07	0.0224084	0.0150368	0	0.0756102	0.0484612	0
84	9	-0.0787076	0.0224408	-0.09771	0	-0.0592803	0.0484612	0.105183
84	10	0.0326832	0.0224222	-0.0144102	0	0.0547421	0.0484612	0.106088
84	2	0.0692003	0.0224422	0.0501625	0	0.0293529	0.0484612	0.214429
84	0	0.0225554	0.0224245	0.0212279	0	-0.0182383	0.0484612	0.0247233
84	3	0.0160986	0.0224203	0.0401052	0	0.0437304	0.0484612	0.111613
84	14	0.0495702	0.0224253	0.0734538	0	0.127634	0.0484612	0.0148106
84	13	-0.00617501	0.0224199	0.00810398	0	0.0503316	0.0484612	0.00828633
84	11	-0.0186167	0.0224227	-0.0339881	0	-0.0422274	0.0484612	0.00447908
84	8	-0.0378341	0.0224246	-0.0552241	0	-0.170897	0.0484612	0.0562646
85	-1	1.41003e-06	0.0224074	-0.0204418	0	-0.178057	0.157089	0
85	9	-0.078914	0.0224386	0.127454	0	0.376907	0.157089	0.105183
85	10	0.0326116	0.0224211	0.0988457	0	0.335386	0.157089	0.106088
85	2	0.0692061	0.0224413	-0.095797	0	0.0325257	0.157089	0.214429
85	0	0.0228459	0.0224213	0.0195193	0	0.0378821	0.157089	0.0247233
85	3	0.0160703	0.0224195	-0.0852528	0	0.00289073	0.157089	0.111613
85	14	0.0493323	0.0224222	-0.0797883	0	-0.164119	0.157089	0.0148106
85	13	-0.00603372	0.0224183	0.0508566	0	0.157971	0.157089	0.00828633
85	8	-0.0381377	0.0224207	0.171891	0	-0.0697392	0.157089	0.0562646
86	-1	-3.7486e-07	0.0224047	0.00513659	0	-0.144447	0.0780407	0
86	9	-0.0789843	0.0224388	-0.0448326	0	-0.039191	0.0780407	0.105183
86	5	0.0103724	0.0224202	-0.00496553	0	0.044239	0.0780407	0.115691
86	2	0.0688813	0.0224399	0.0303119	0	0.167281	0.0780407	0.214429
86	0	0.0233463	0.0224178	0.0137003	0	0.0722241	0.0780407	0.0247233
86	3	0.0166771	0.022413	0.0173171	0	0.0356318	0.0780407	0.111613
86	14	0.049904	0.0224194	0.0586436	0	0.1079	0.0780407	0.0148106
86	13	-0.00617571	0.0224155	0.00516513	0	-0.124643	0.0780407	0.00828633
86	8	-0.038185	0.0224244	-0.045436	0	-0.143827	0.0780407	0.0562646
87	-1	-3.7486e-07	0.0224047	0.00714358	0	0.0243023	0.0413619	0
87	9	-0.0789843	0.0224388	-0.0791883	0	-0.0572891	0.0413619	0.105183
87	5	0.0103724	0.0224202	0.00197353	0	0.0450756	0.0413619	0.115691
87	2	0.0688813	0.0224399	0.00137898	0	-0.00742751	0.0413619	0.214429
87	0	0.0233463	0.0224178	0.00911777	0	0.0620086	0.0413619	0.0491542
87	3	0.0166771	0.022413	0.0077042	0	-0.041647	0.0413619	0.111613
87	14	0.049904	0.0224194	0.0294902	0	0.135463	0.0413619	0.0148106
87	13	-0.00617571	0.0224155	0.0026619	0	0.046449	0.0413619	0.00828633
87	8	-0.038185	0.0224244	-0.0247903	0	0.0280652	0.0413619	0.0562646
88	-1	-1.02915e-05	0.0224106	0.0112248	0	0.0106951	0.0511736	0
88	9	-0.0790584	0.0224402	-0.0751179	0	-0.00278792	0.0511736	0.105183
88	5	0.0104182	0.0224257	0.00736331	0	-0.0359318	0.0511736	0.115691
88	2	0.068996	0.0224426	0.0510423	0	0.0772212	0.0511736	0.214429
88	0	0.0234767	0.0224241	0.0154557	0	-0.0786902	0.0511736	0.0491542
88	3	0.0172095	0.02242	0.0395007	0	0.109847	0.0511736	0.111613
88	14	0.04887	0.0224302	0.0563178	0	0.0165272	0.0511736	0.0148106
88	12	-0.0461898	0.0224301	-0.066675	0	-0.0992465	0.0511736	0.0732702
88	8	-0.0381354	0.0224298	-0.0449383	0	-0.00730142	0.0511736	0.0562646
89	-1	-8.67457e-05	0.0224187	-0.0020509	0	-0.00590786	0.0670449	0
89	9	-0.077476	0.0224586	-0.0653957	0	0.0327913	0.0670449	0.105183
89	5	0.0105136	0.0224336	-0.00895917	0	-0.0183022	0.0670449	0.115691
89	2	0.0692814	0.0224549	0.0423158	0	0.0730975	0.0670449	0.214429
89	0	0.0232642	0.0224366	0.00391585	0	-0.00193066	0.0670449	0.0491542
89	3	0.0171064	0.0224402	0.0280078	0	0.0374153	0.0670449	0.111613
89	14	0.0495284	0.0224404	0.0357614	0	0.0444966	0.0670449	0.0148106
89	12	-0.0464294	0.0224396	-0.0083462	0	-0.0373892	0.0670449	0.0732702
89	8	-0.0385338	0.0224388	-0.0426276	0	-0.0686448	0.0670449	0.0562646
89	7	0.0170313	0.0224451	-0.000948383	0	0.00773516	0.0670449	0.314074
89	3 7	-0.0509876	0.0226479	0.00755404	0	-0.0564038	0.0670449	0.00857059
90	-1	-8.67457e-05	0.0224187	0.00810725	0	-0.0529304	0.0636523	0
90	9	-0.077476	0.0224586	-0.0715512	0	0.0229159	0.0636523	0.105183
90	5	0.0105136	0.0224336	0.00187549	0	0.0666956	0.0636523	0.115691
90	2	0.0692814	0.0224549	0.099073	0	0.050924	0.0636523	0.214429
90	0	0.0232642	0.0224366	0.0150027	0	0.0537825	0.0636523	0.0491542
90	3	0.0171064	0.0224402	0.0713794	0	0.0826794	0.0636523	0.111613
90	14	0.0495284	0.0224404	0.0513029	0	0.085149	0.0636523	0.0148106
90	12	-0.0464294	0.0224396	-0.0293161	0	0.0262214	0.0636523	0.0732702
90	8	-0.0385338	0.0224388	-0.0409474	0	-0.00996996	0.0636523	0.0562646
90	7	0.0170313	0.0224451	-0.00578628	0	0.0750165	0.0636523	0.314074
90	3 7	-0.0509876	0.0226479	0.023239	0	0.0705468	0.0636523	0.00857059
91	-1	-8.67457e-05	0.0224187	0.00358232	0	0.0408977	0.0420296	0
91	9	-0.077476	0.0224586	-0.0544504	0	0.00383103	0.0420296	0.00276459
91	5	0.0105136	0.0224336	-0.00578154	0	0.0143565	0.0420296	0.115691
91	2	0.0692814	0.0224549	0.049064	0	0.0132221	0.0420296	0.214429
91	0	0.0232642	0.0224366	0.0111855	0	0.0556404	0.0420296	0.0491542
91	3	0.0171064	0.0224402	0.0331186	0	0.0164746	0.0420296	0.111613
91	14	0.0495284	0.0224404	0.0442499	0	0.0677057	0.0420296	0.0148106
91	12	-0.0464294	0.0224396	0.03579	0	0.0729546	0.0420296	0.0732702
91	8	-0.0385338	0.0224388	-0.0358151	0	-0.0684369	0.0420296	0.0562646
91	7	0.0170313	0.0224451	0.00281755	0	0.0773879	0.0420296	0.314074
91	3 7	-0.0509876	0.0226479	0.0111722	0	-0.00536924	0.0420296	0.00857059
92	-1	-8.67457e-05	0.0224187	-0.00740966	0	-0.00581002	0.0544659	0
92	9	-0.077476	0.0224586	-0.0726829	0	-0.144343	0.0544659	0.00276459
92	5	0.0105136	0.0224336	-0.0157429	0	-0.021394	0.0544659	0.115691
92	2	0.0692814	0.0224549	0.00804178	0	-0.0125464	0.0544659	0.214429
92	0	0.0232642	0.0224366	-0.0034906	0	0.101171	0.0544659	0.0491542
92	3	0.0171064	0.0224402	0.00736836	0	-0.0450559	0.0544659	0.111613
92	14	0.0495284	0.0224404	0.00405643	0	-0.0795623	0.0544659	0.0148106
92	12	-0.0464294	0.0224396	-0.00316257	0	-0.00672478	0.0544659	0.052325
92	8	-0.0385338	0.0224388	-0.0199536	0	-0.0734444	0.0544659	0.0562646
92	7	0.0170313	0.0224451	-0.00362517	0	-0.0220684	0.0544659	0.314074
92	3 7	-0.0509876	0.0226479	-0.00241955	0	0.0361288	0.0544659	0.00857059
93	-1	-8.67457e-05	0.0224187	-0.00790233	0	0.0743752	0.0538929	0
93	9	-0.077476	0.0224586	-0.06451	0	-0.151753	0.0538929	0.00276459
93	5	0.0105136	0.0224336	-0.0105869	0	-0.00446202	0.0538929	0.115691
93	2	0.0692814	0.0224549	0.0663577	0	-0.00013004	0.0538929	0.214429
93	0	0.0232642	0.0224366	-0.00155557	0	0.0746937	0.0538929	0.0491542
93	3	0.0171064	0.0224402	0.0387923	0	-0.0242409	0.0538929	0.111613
93	14	0.0495284	0.0224404	0.0511308	0	0.128289	0.0538929	0.0148106
93	12	-0.0464294	0.0224396	-0.0522182	0	-0.0793392	0.0538929	0.052325
93	8	-0.0385338	0.0224388	-0.0739447	0	-0.0379879	0.0538929	0.0562646
93	7	0.0170313	0.0224451	-0.0108829	0	0.00727455	0.0538929	0.314074
93	3 7	-0.0509876	0.0226479	0.00711611	0	0.00673226	0.0538929	0.00857059
94	-1	-8.67457e-05	0.0224187	-0.0152162	0	0.050564	0.0467885	0
94	9	-0.077476	0.0224586	-0.0918551	0	0.0372198	0.0467885	0.00276459
94	5	0.0105136	0.0224336	-0.0206194	0	0.00377253	0.0467885	0.115691
94	2	0.0692814	0.0224549	0.0278781	0	0.050321	0.0467885	0.214429
94	0	0.0232642	0.0224366	-0.0115726	0	-0.0229528	0.0467885	0.0491542
94	3	0.0171064	0.0224402	0.0184	0	0.0440713	0.0467885	0.111613
94	14	0.0495284	0.0224404	0.00649124	0	-0.0287849	0.0467885	0.0148106
94	12	-0.0464294	0.0224396	-0.0621133	0	-0.138228	0.0467885	0.00308415
94	8	-0.0385338	0.0224388	-0.0435713	0	-0.0261592	0.0467885	0.0562646
94	7	0.0170313	0.0224451	-0.0160331	0	-0.102268	0.0467885	0.314074
94	3 7	-0.0509876	0.0226479	-0.00439554	0	0.0017623	0.0467885	0.00857059
95	-1	-8.67457e-05	0.0224187	0.00299807	0	0.0327578	0.0491923	0
95	9	-0.077476	0.0224586	-0.048309	0	-0.0891162	0.0491923	0.00276459
95	5	0.0105136	0.0224336	0.00057921	0	-0.0201892	0.0491923	0.115691
95	2	0.0692814	0.0224549	0.0427562	0	0.0148394	0.0491923	0.000847737
95	0	0.0232642	0.0224366	0.00464334	0	-0.0287426	0.0491923	0.0491542
95	3	0.0171064	0.0224402	0.03438	0	0.0388212	0.0491923	0.111613
95	14	0.0495284	0.0224404	0.0109859	0	0.0217776	0.0491923	0.0148106
95	12	-0.0464294	0.0224396	-0.0435018	0	-0.0631934	0.0491923	0.00308415
95	8	-0.0385338	0.0224388	-0.0105933	0	0.0423649	0.0491923	0.0562646
95	7	0.0170313	0.0224451	-0.00386122	0	0.0394847	0.0491923	0.314074
95	3 7	-0.0509876	0.0226479	0.0110009	0	-0.144409	0.0491923	0.00857059
96	-1	-8.67457e-05	0.0224187	0.0072059	0	-0.088288	0.0565857	0
96	9	-0.077476	0.0224586	-0.067639	0	0.0121484	0.0565857	0.00276459
96	5	0.0105136	0.0224336	0.0046041	0	0.0257147	0.0565857	0.115691
96	2	0.0692814	0.0224549	0.102662	0	0.109878	0.0565857	0.000847737
96	0	0.0232642	0.0224366	0.0131095	0	0.0118157	0.0565857	0.0491542
96	3	0.0171064	0.0224402	0.0718736	0	0.16897	0.0565857	0.111613
96	14	0.0495284	0.0224404	0.059	0	0.0688858	0.0565857	0.0148106
96	12	-0.0464294	0.0224396	-0.0661414	0	-0.111353	0.0565857	0.00308415
96	8	-0.0385338	0.0224388	-0.0543864	0	-0.138867	0.0565857	0.0562646
96	7	0.0170313	0.0224451	-0.00426414	0	-0.0463005	0.0565857	0.314074
96	3 7	-0.0509876	0.0226479	0.0251331	0	0.0723822	0.0565857	0.00857059
97	-1	-9.66334e-05	0.0224244	-0.00864003	0	0.00296422	0.0533237	0
97	9	-0.0773898	0.0224644	-0.0878376	0	-0.0699139	0.0533237	0.00276459
97	5	0.0111728	0.0224421	-0.0127726	0	0.0346129	0.0533237	0.115691
97	2	0.0690524	0.0224614	-0.00278952	0	-0.072442	0.0533237	0.000847737
97	0	0.0238929	0.0224442	-0.00914926	0	0.0432954	0.0533237	0.0491542
97	3	0.0171749	0.0224457	0.00537796	0	-0.0587783	0.0533237	0.111613
97	14	0.0499892	0.022447	-0.0197191	0	-0.0252555	0.0533237	0.0148106
97	12	-0.0467731	0.0224468	-0.079932	0	-0.156658	0.0533237	0.00308415
97	8	-0.0382208	0.0224449	-0.00605551	0	0.00795522	0.0533237	0.0562646
97	7	0.0162856	0.0224537	-0.00372861	0	0.084687	0.0533237	0.314074
97	3 7	-0.0507172	0.0226537	-0.00158538	0	0.028247	0.0533237	0.00857059
97	6	-0.0455919	0.0224502	0.0046476	0	0.0173385	0.0533237	0.0570836
98	-1	-9.66334e-05	0.0224244	-0.00877406	0	0.0453322	0.0502259	0
98	9	-0.0773898	0.0224644	-0.064565	0	0.00357173	0.0502259	0.00276459
98	5	0.0111728	0.0224421	-0.0114282	0	-0.0179374	0.0502259	0.115691
98	2	0.0690524	0.0224614	0.0440755	0	0.0111065	0.0502259	0.000847737
98	0	0.0238929	0.0224442	-0.00292503	0	0.106049	0.0502259	0.0491542
98	3	0.0171749	0.0224457	0.022724	0	-0.0163971	0.0502259	0.111613
98	14	0.0499892	0.022447	0.0514942	0	0.0471656	0.0502259	0.0148106
98	12	-0.0467731	0.0224468	-0.0527069	0	0.0207717	0.0502259	0.00308415
98	8	-0.0382208	0.0224449	-0.0763667	0	-0.0703995	0.0502259	0.0562646
98	7	0.0162856	0.0224537	-0.00218501	0	0.0486575	0.0502259	0.314074
98	3 7	-0.0507172	0.0226537	0.0051598	0	-0.010501	0.0502259	0.00857059
98	6	-0.0455919	0.0224502	-0.00853675	0	-0.0391994	0.0502259	0.0570836
99	-1	-9.66334e-05	0.0224244	-0.0113405	0	0.0654301	0.0920099	0
99	9	-0.0773898	0.0224644	-0.084274	0	-0.182542	0.0920099	0.00276459
99	5	0.0111728	0.0224421	-0.0169373	0	-0.180707	0.0920099	0.115691
99	2	0.0690524	0.0224614	0.0665173	0	0.0815804	0.0920099	0.000847737
99	0	0.0238929	0.0224442	-0.000961686	0	0.0603573	0.0920099	0.0491542
99	3	0.0171749	0.0224457	0.0323038	0	0.138152	0.0920099	0.111613
99	14	0.0499892	0.022447	0.0864831	0	0.0879186	0.0920099	0.0148106
99	12	-0.0467731	0.0224468	-0.0402582	0	-0.137871	0.0920099	0.00308415
99	8	-0.0382208	0.0224449	-0.116389	0	-0.119277	0.0920099	0.0562646
99	7	0.0162856	0.0224537	-0.0010647	0	-0.0224763	0.0920099	0.314074
99	3 7	-0.0507172	0.0226537	0.00766969	0	-0.0459454	0.0920099	0.00857059
99	6	-0.0455919	0.0224502	-0.0120987	0	0.00194765	0.0920099	0.0570836
100	-1	-9.66334e-05	0.0224244	-0.0142443	0	0.077939	0.0759247	0
100	9	-0.0773898	0.0224644	-0.0175035	0	-0.0197003	0.0759247	0.00276459
100	5	0.0111728	0.0224421	-0.0159612	0	0.00499487	0.0759247	0.115691
100	2	0.0690524	0.0224614	-0.0200137	0	0.0912056	0.0759247	0.000847737
100	0	0.0238929	0.0224442	-0.00972346	0	0.0589491	0.0759247	0.0491542
100	3	0.0171749	0.0224457	-0.0276247	0	-0.113742	0.0759247	0.0132641
100	14	0.0499892	0.022447	0.0386743	0	0.0662776	0.0759247	0.0148106
100	12	-0.0467731	0.0224468	0.00782856	0	0.0807178	0.0759247	0.00308415
100	8	-0.0382208	0.0224449	-0.0671285	0	-0.0807	0.0759247	0.00425653
100	7	0.0162856	0.0224537	0.0064861	0	0.0360446	0.0759247	0.314074
100	3 7	-0.0507172	0.0226537	-0.0103787	0	-0.0302618	0.0759247	0.00857059
100	6	-0.0455919	0.0224502	-0.0288613	0	-0.0701259	0.0759247	0.0570836
